 pour créer / vider le txt
============================================
do_eval:False
do_train:False
do_eval_partial:False
do_preprocess: False
do_dump_dict_gt: False
============================================
RANDOM SEED:-1
dataset_cfg.DATASET  KittiDataset_2012
__all__[dataset_cfg.DATASET]  <class 'extern.pcdet.datasets.kitti_loggnet.kitti_dataset_loggnet.KittiDataset_2012'>
dataset_cfg  {'DATASET': 'KittiDataset_2012', 'SEQ': '22', 'DATA_PATH': '/lustre/fsn1/worksf/projects/rech/dki/ujo91el/datas/datasets/sequences/', 'BACKEND': {'NAME': 'HardDiskBackend'}, 'POINT_CLOUD_RANGE': [0, -39.68, -3, 69.12, 39.68, 1], 'DATA_SPLIT': {'train': 'train', 'test': 'val'}, 'GET_ITEM_LIST': ['points'], 'TRAIN_ONLY_REVISITED': False, 'DO_SELF_EVAL': False, 'LABEL_TYPE': 'hilbert', 'DATA_AUGMENTOR': {'DISABLE_AUG_LIST': ['placeholder'], 'AUG_CONFIG_LIST': [{'NAME': 'random_world_flip', 'PROBABILITY': 0, 'ALONG_AXIS_LIST': ['x']}, {'NAME': 'random_world_rotation', 'PROBABILITY': 0, 'WORLD_ROT_ANGLE': [-0.78539816, 0.78539816]}, {'NAME': 'random_world_scaling', 'PROBABILITY': 0, 'WORLD_SCALE_RANGE': [0.95, 1.05]}]}, 'POINT_FEATURE_ENCODING': {'encoding_type': 'absolute_coordinates_encoding', 'used_feature_list': ['x', 'y', 'z', 'intensity'], 'src_feature_list': ['x', 'y', 'z', 'intensity']}, 'DATA_PROCESSOR': [{'NAME': 'mask_points_and_boxes_outside_range', 'REMOVE_OUTSIDE_BOXES': True}, {'NAME': 'shuffle_points', 'SHUFFLE_ENABLED': {'train': False, 'test': False}}, {'NAME': 'calculate_grid_size', 'VOXEL_SIZE': [0.32, 0.32, 4]}], '_BASE_CONFIG_': './kitti_dataset_hilbert.yaml'}
class_names  ['Car', 'Pedestrian', 'Cyclist']
root_path  None
training  True
logger  <Logger extern.pcdet.utils.common_utils (INFO)>
ini
ini
dataset_cfg.DATASET  KittiDataset_2012
__all__[dataset_cfg.DATASET]  <class 'extern.pcdet.datasets.kitti_loggnet.kitti_dataset_loggnet.KittiDataset_2012'>
dataset_cfg  {'DATASET': 'KittiDataset_2012', 'SEQ': '22', 'DATA_PATH': '/lustre/fsn1/worksf/projects/rech/dki/ujo91el/datas/datasets/sequences/', 'BACKEND': {'NAME': 'HardDiskBackend'}, 'POINT_CLOUD_RANGE': [0, -39.68, -3, 69.12, 39.68, 1], 'DATA_SPLIT': {'train': 'train', 'test': 'val'}, 'GET_ITEM_LIST': ['points'], 'TRAIN_ONLY_REVISITED': False, 'DO_SELF_EVAL': False, 'LABEL_TYPE': 'hilbert', 'DATA_AUGMENTOR': {'DISABLE_AUG_LIST': ['placeholder'], 'AUG_CONFIG_LIST': [{'NAME': 'random_world_flip', 'PROBABILITY': 0, 'ALONG_AXIS_LIST': ['x']}, {'NAME': 'random_world_rotation', 'PROBABILITY': 0, 'WORLD_ROT_ANGLE': [-0.78539816, 0.78539816]}, {'NAME': 'random_world_scaling', 'PROBABILITY': 0, 'WORLD_SCALE_RANGE': [0.95, 1.05]}]}, 'POINT_FEATURE_ENCODING': {'encoding_type': 'absolute_coordinates_encoding', 'used_feature_list': ['x', 'y', 'z', 'intensity'], 'src_feature_list': ['x', 'y', 'z', 'intensity']}, 'DATA_PROCESSOR': [{'NAME': 'mask_points_and_boxes_outside_range', 'REMOVE_OUTSIDE_BOXES': True}, {'NAME': 'shuffle_points', 'SHUFFLE_ENABLED': {'train': False, 'test': False}}, {'NAME': 'calculate_grid_size', 'VOXEL_SIZE': [0.32, 0.32, 4]}], '_BASE_CONFIG_': './kitti_dataset_hilbert.yaml'}
class_names  ['Car', 'Pedestrian', 'Cyclist']
root_path  None
training  False
logger  <Logger extern.pcdet.utils.common_utils (INFO)>
ini
ini

=========  loader train ===========
ln : 18236
id:000000 gt:-1 labels:349678528
id:000001 gt:-1 labels:349458617
id:000002 gt:-1 labels:349453839
id:000003 gt:-1 labels:349438664
id:000004 gt:-1 labels:344191961
id:000005 gt:-1 labels:344135421
id:000006 gt:-1 labels:344131573
id:000007 gt:-1 labels:344127102
id:000008 gt:-1 labels:344111962
id:000009 gt:-1 labels:344106087
id:000010 gt:-1 labels:344809252
id:000011 gt:-1 labels:344798104
id:000012 gt:-1 labels:344788028
id:000013 gt:-1 labels:344771253
id:000014 gt:-1 labels:344728760
id:000015 gt:-1 labels:344733977
id:000016 gt:-1 labels:345065895
id:000017 gt:-1 labels:345083347
id:000018 gt:-1 labels:345092703
id:000019 gt:-1 labels:345143624
id:000020 gt:-1 labels:345146047
id:000021 gt:-1 labels:345161443
id:000022 gt:-1 labels:345494344
id:000023 gt:-1 labels:345452394
id:000024 gt:-1 labels:345434719
id:000025 gt:-1 labels:345385367
id:000026 gt:-1 labels:345403350
id:000027 gt:-1 labels:392794890
id:000028 gt:-1 labels:392811767
id:000029 gt:-1 labels:392816874
id:000030 gt:-1 labels:392739162
id:000031 gt:-1 labels:392721064
id:000032 gt:-1 labels:392711869
id:000033 gt:-1 labels:393028292
id:000034 gt:-1 labels:393071360
id:000035 gt:-1 labels:393098953
id:000036 gt:-1 labels:393140879
id:000037 gt:-1 labels:393135762
id:000038 gt:-1 labels:393453336
id:000039 gt:-1 labels:393437673
id:000040 gt:-1 labels:393350332
id:000041 gt:-1 labels:393359675
id:000042 gt:-1 labels:393369829
id:000043 gt:-1 labels:394113796
id:000044 gt:-1 labels:394118696
id:000045 gt:-1 labels:394045710
id:000046 gt:-1 labels:394029775
id:000047 gt:-1 labels:394024556
id:000048 gt:-1 labels:388689822
id:000049 gt:-1 labels:388632730
id:000050 gt:-1 labels:388627910
id:000051 gt:-1 labels:388622719
id:000052 gt:-1 labels:388566350
id:000053 gt:-1 labels:388428827
id:000054 gt:-1 labels:388372562
id:000055 gt:-1 labels:388365050
id:000056 gt:-1 labels:388359223
id:000057 gt:-1 labels:388314458
id:000058 gt:-1 labels:387631430
id:000059 gt:-1 labels:387589557
id:000060 gt:-1 labels:387594441
id:000061 gt:-1 labels:387571333
id:000062 gt:-1 labels:387523226
id:000063 gt:-1 labels:387367884
id:000064 gt:-1 labels:387372973
....
========= end loader ===========

=========  loader eval ===========
ln : 18236
id:000000 gt:-1 labels:349678528
id:000001 gt:-1 labels:349458617
id:000002 gt:-1 labels:349453839
id:000003 gt:-1 labels:349438664
id:000004 gt:-1 labels:344191961
id:000005 gt:-1 labels:344135421
id:000006 gt:-1 labels:344131573
id:000007 gt:-1 labels:344127102
id:000008 gt:-1 labels:344111962
id:000009 gt:-1 labels:344106087
id:000010 gt:-1 labels:344809252
id:000011 gt:-1 labels:344798104
id:000012 gt:-1 labels:344788028
id:000013 gt:-1 labels:344771253
id:000014 gt:-1 labels:344728760
id:000015 gt:-1 labels:344733977
id:000016 gt:-1 labels:345065895
id:000017 gt:-1 labels:345083347
id:000018 gt:-1 labels:345092703
id:000019 gt:-1 labels:345143624
id:000020 gt:-1 labels:345146047
id:000021 gt:-1 labels:345161443
id:000022 gt:-1 labels:345494344
id:000023 gt:-1 labels:345452394
id:000024 gt:-1 labels:345434719
id:000025 gt:-1 labels:345385367
id:000026 gt:-1 labels:345403350
id:000027 gt:-1 labels:392794890
id:000028 gt:-1 labels:392811767
id:000029 gt:-1 labels:392816874
id:000030 gt:-1 labels:392739162
id:000031 gt:-1 labels:392721064
id:000032 gt:-1 labels:392711869
id:000033 gt:-1 labels:393028292
id:000034 gt:-1 labels:393071360
id:000035 gt:-1 labels:393098953
id:000036 gt:-1 labels:393140879
id:000037 gt:-1 labels:393135762
id:000038 gt:-1 labels:393453336
id:000039 gt:-1 labels:393437673
id:000040 gt:-1 labels:393350332
id:000041 gt:-1 labels:393359675
id:000042 gt:-1 labels:393369829
id:000043 gt:-1 labels:394113796
id:000044 gt:-1 labels:394118696
id:000045 gt:-1 labels:394045710
id:000046 gt:-1 labels:394029775
id:000047 gt:-1 labels:394024556
id:000048 gt:-1 labels:388689822
id:000049 gt:-1 labels:388632730
id:000050 gt:-1 labels:388627910
id:000051 gt:-1 labels:388622719
id:000052 gt:-1 labels:388566350
id:000053 gt:-1 labels:388428827
id:000054 gt:-1 labels:388372562
id:000055 gt:-1 labels:388365050
id:000056 gt:-1 labels:388359223
id:000057 gt:-1 labels:388314458
id:000058 gt:-1 labels:387631430
id:000059 gt:-1 labels:387589557
id:000060 gt:-1 labels:387594441
id:000061 gt:-1 labels:387571333
id:000062 gt:-1 labels:387523226
id:000063 gt:-1 labels:387367884
id:000064 gt:-1 labels:387372973
....
========= end loader ===========
model_cfg:DSI
checkpoint_dir  /lustre/fswork/projects/rech/dki/ujo91el/checkpoints//git_hilbert_git_hilbert_seq_22_80_20_contrast_quad_hilbert_nd_day
train_set.labeltype  hilbert
train_indices  14588
val_indices  1824
train_subset_shuffled  14588
train_subset_shuffled  ['velodyne', '016134.bin'] ['velodyne', '009239.bin'] ['velodyne', '009341.bin']
val_subset  1824
val_subset  ['velodyne', '000005.bin'] ['velodyne', '000015.bin'] ['velodyne', '000025.bin']
new_train_batch_size  256
new_eval_batch_size  64
 id_max_length  18
resume_from_checkpoint : /lustre/fswork/projects/rech/dki/ujo91el/checkpoints/git_hilbert_git_hilbert_seq_22_80_20_contrast_quad_hilbert_n3_lr5_5/checkpoint-2100/
