 pour créer / vider le txt
============================================
do_eval:False
do_train:False
do_eval_partial:False
do_preprocess: False
do_dump_dict_gt: False
============================================
RANDOM SEED:-1
dataset_cfg.DATASET  KittiDataset_2012
__all__[dataset_cfg.DATASET]  <class 'extern.pcdet.datasets.kitti_loggnet.kitti_dataset_loggnet.KittiDataset_2012'>
dataset_cfg  {'DATASET': 'KittiDataset_2012', 'SEQ': '06', 'DATA_PATH': '/lustre/fsn1/worksf/projects/rech/dki/ujo91el/datas/datasets/sequences/', 'BACKEND': {'NAME': 'HardDiskBackend'}, 'POINT_CLOUD_RANGE': [0, -39.68, -3, 69.12, 39.68, 1], 'DATA_SPLIT': {'train': 'train', 'test': 'val'}, 'GET_ITEM_LIST': ['points'], 'TRAIN_ONLY_REVISITED': False, 'DO_SELF_EVAL': False, 'LABEL_TYPE': 'hilbert', 'DATA_AUGMENTOR': {'DISABLE_AUG_LIST': ['placeholder'], 'AUG_CONFIG_LIST': [{'NAME': 'random_world_flip', 'PROBABILITY': 0, 'ALONG_AXIS_LIST': ['x']}, {'NAME': 'random_world_rotation', 'PROBABILITY': 0, 'WORLD_ROT_ANGLE': [-0.78539816, 0.78539816]}, {'NAME': 'random_world_scaling', 'PROBABILITY': 0, 'WORLD_SCALE_RANGE': [0.95, 1.05]}]}, 'POINT_FEATURE_ENCODING': {'encoding_type': 'absolute_coordinates_encoding', 'used_feature_list': ['x', 'y', 'z', 'intensity'], 'src_feature_list': ['x', 'y', 'z', 'intensity']}, 'DATA_PROCESSOR': [{'NAME': 'mask_points_and_boxes_outside_range', 'REMOVE_OUTSIDE_BOXES': True}, {'NAME': 'shuffle_points', 'SHUFFLE_ENABLED': {'train': False, 'test': False}}, {'NAME': 'calculate_grid_size', 'VOXEL_SIZE': [0.32, 0.32, 4]}], '_BASE_CONFIG_': './kitti_dataset_hilbert.yaml'}
class_names  ['Car', 'Pedestrian', 'Cyclist']
root_path  None
training  True
logger  <Logger extern.pcdet.utils.common_utils (INFO)>
ini
ini
dataset_cfg.DATASET  KittiDataset_2012
__all__[dataset_cfg.DATASET]  <class 'extern.pcdet.datasets.kitti_loggnet.kitti_dataset_loggnet.KittiDataset_2012'>
dataset_cfg  {'DATASET': 'KittiDataset_2012', 'SEQ': '06', 'DATA_PATH': '/lustre/fsn1/worksf/projects/rech/dki/ujo91el/datas/datasets/sequences/', 'BACKEND': {'NAME': 'HardDiskBackend'}, 'POINT_CLOUD_RANGE': [0, -39.68, -3, 69.12, 39.68, 1], 'DATA_SPLIT': {'train': 'train', 'test': 'val'}, 'GET_ITEM_LIST': ['points'], 'TRAIN_ONLY_REVISITED': False, 'DO_SELF_EVAL': False, 'LABEL_TYPE': 'hilbert', 'DATA_AUGMENTOR': {'DISABLE_AUG_LIST': ['placeholder'], 'AUG_CONFIG_LIST': [{'NAME': 'random_world_flip', 'PROBABILITY': 0, 'ALONG_AXIS_LIST': ['x']}, {'NAME': 'random_world_rotation', 'PROBABILITY': 0, 'WORLD_ROT_ANGLE': [-0.78539816, 0.78539816]}, {'NAME': 'random_world_scaling', 'PROBABILITY': 0, 'WORLD_SCALE_RANGE': [0.95, 1.05]}]}, 'POINT_FEATURE_ENCODING': {'encoding_type': 'absolute_coordinates_encoding', 'used_feature_list': ['x', 'y', 'z', 'intensity'], 'src_feature_list': ['x', 'y', 'z', 'intensity']}, 'DATA_PROCESSOR': [{'NAME': 'mask_points_and_boxes_outside_range', 'REMOVE_OUTSIDE_BOXES': True}, {'NAME': 'shuffle_points', 'SHUFFLE_ENABLED': {'train': False, 'test': False}}, {'NAME': 'calculate_grid_size', 'VOXEL_SIZE': [0.32, 0.32, 4]}], '_BASE_CONFIG_': './kitti_dataset_hilbert.yaml'}
class_names  ['Car', 'Pedestrian', 'Cyclist']
root_path  None
training  False
logger  <Logger extern.pcdet.utils.common_utils (INFO)>
ini
ini

=========  loader train ===========
ln : 1101
id:000000 gt:-1 labels:93560439
id:000001 gt:-1 labels:93576472
id:000002 gt:-1 labels:93599717
id:000003 gt:-1 labels:93640825
id:000004 gt:-1 labels:93655581
id:000005 gt:-1 labels:93682502
id:000006 gt:-1 labels:980064678
id:000007 gt:-1 labels:980059329
id:000008 gt:-1 labels:980086272
id:000009 gt:-1 labels:980100200
id:000010 gt:-1 labels:980142345
id:000011 gt:-1 labels:980165087
id:000012 gt:-1 labels:980181131
id:000013 gt:-1 labels:980388559
id:000014 gt:-1 labels:980410323
id:000015 gt:-1 labels:980432317
id:000016 gt:-1 labels:980475001
id:000017 gt:-1 labels:980491941
id:000018 gt:-1 labels:980515220
id:000019 gt:-1 labels:981378304
id:000020 gt:-1 labels:981389261
id:000021 gt:-1 labels:981397516
id:000022 gt:-1 labels:981408477
id:000023 gt:-1 labels:981465531
id:000024 gt:-1 labels:975868301
id:000025 gt:-1 labels:975855199
id:000026 gt:-1 labels:975806009
id:000027 gt:-1 labels:975789221
id:000028 gt:-1 labels:975608927
id:000029 gt:-1 labels:975594377
id:000030 gt:-1 labels:975545137
id:000031 gt:-1 labels:975528669
id:000032 gt:-1 labels:974824098
id:000033 gt:-1 labels:974809147
id:000034 gt:-1 labels:974760024
id:000035 gt:-1 labels:974744455
id:000036 gt:-1 labels:974564118
id:000037 gt:-1 labels:974558417
id:000038 gt:-1 labels:974541992
id:000039 gt:-1 labels:974493207
id:000040 gt:-1 labels:974477049
id:000041 gt:-1 labels:994065293
id:000042 gt:-1 labels:994071403
id:000043 gt:-1 labels:994291927
id:000044 gt:-1 labels:994310812
id:000045 gt:-1 labels:994316259
id:000046 gt:-1 labels:994373550
id:000047 gt:-1 labels:993063226
id:000048 gt:-1 labels:993006537
id:000049 gt:-1 labels:993000479
id:000050 gt:-1 labels:992984793
id:000051 gt:-1 labels:992761319
id:000052 gt:-1 labels:992755507
id:000053 gt:-1 labels:992739581
id:000054 gt:-1 labels:992733635
id:000055 gt:-1 labels:992674316
id:000056 gt:-1 labels:992658135
id:000057 gt:-1 labels:992652612
id:000058 gt:-1 labels:1003834657
id:000059 gt:-1 labels:1003816697
id:000060 gt:-1 labels:1003807067
id:000061 gt:-1 labels:1003757201
id:000062 gt:-1 labels:1003747051
id:000063 gt:-1 labels:1003730729
id:000064 gt:-1 labels:1003509881
....
========= end loader ===========

=========  loader eval ===========
ln : 1101
id:000000 gt:-1 labels:93560439
id:000001 gt:-1 labels:93576472
id:000002 gt:-1 labels:93599717
id:000003 gt:-1 labels:93640825
id:000004 gt:-1 labels:93655581
id:000005 gt:-1 labels:93682502
id:000006 gt:-1 labels:980064678
id:000007 gt:-1 labels:980059329
id:000008 gt:-1 labels:980086272
id:000009 gt:-1 labels:980100200
id:000010 gt:-1 labels:980142345
id:000011 gt:-1 labels:980165087
id:000012 gt:-1 labels:980181131
id:000013 gt:-1 labels:980388559
id:000014 gt:-1 labels:980410323
id:000015 gt:-1 labels:980432317
id:000016 gt:-1 labels:980475001
id:000017 gt:-1 labels:980491941
id:000018 gt:-1 labels:980515220
id:000019 gt:-1 labels:981378304
id:000020 gt:-1 labels:981389261
id:000021 gt:-1 labels:981397516
id:000022 gt:-1 labels:981408477
id:000023 gt:-1 labels:981465531
id:000024 gt:-1 labels:975868301
id:000025 gt:-1 labels:975855199
id:000026 gt:-1 labels:975806009
id:000027 gt:-1 labels:975789221
id:000028 gt:-1 labels:975608927
id:000029 gt:-1 labels:975594377
id:000030 gt:-1 labels:975545137
id:000031 gt:-1 labels:975528669
id:000032 gt:-1 labels:974824098
id:000033 gt:-1 labels:974809147
id:000034 gt:-1 labels:974760024
id:000035 gt:-1 labels:974744455
id:000036 gt:-1 labels:974564118
id:000037 gt:-1 labels:974558417
id:000038 gt:-1 labels:974541992
id:000039 gt:-1 labels:974493207
id:000040 gt:-1 labels:974477049
id:000041 gt:-1 labels:994065293
id:000042 gt:-1 labels:994071403
id:000043 gt:-1 labels:994291927
id:000044 gt:-1 labels:994310812
id:000045 gt:-1 labels:994316259
id:000046 gt:-1 labels:994373550
id:000047 gt:-1 labels:993063226
id:000048 gt:-1 labels:993006537
id:000049 gt:-1 labels:993000479
id:000050 gt:-1 labels:992984793
id:000051 gt:-1 labels:992761319
id:000052 gt:-1 labels:992755507
id:000053 gt:-1 labels:992739581
id:000054 gt:-1 labels:992733635
id:000055 gt:-1 labels:992674316
id:000056 gt:-1 labels:992658135
id:000057 gt:-1 labels:992652612
id:000058 gt:-1 labels:1003834657
id:000059 gt:-1 labels:1003816697
id:000060 gt:-1 labels:1003807067
id:000061 gt:-1 labels:1003757201
id:000062 gt:-1 labels:1003747051
id:000063 gt:-1 labels:1003730729
id:000064 gt:-1 labels:1003509881
....
========= end loader ===========
model_cfg:DSI
checkpoint_dir  /lustre/fswork/projects/rech/dki/ujo91el/checkpoints//git_hilbert_git_hilbert_seq_06_80_20_contrast_quad_hilbert_n3_lr5_5
train_set.labeltype  hilbert
train_indices  880
val_indices  110
train_subset_shuffled  880
train_subset_shuffled  ['velodyne', '000107.bin'] ['velodyne', '000941.bin'] ['velodyne', '000978.bin']
val_subset  110
val_subset  ['velodyne', '000005.bin'] ['velodyne', '000015.bin'] ['velodyne', '000025.bin']
new_train_batch_size  256
new_eval_batch_size  64
 id_max_length  18
train from scratch :  False
quad loss
----
tensor(11.4577, device='cuda:0', grad_fn=<AddBackward0>)
tensor(10.6585, device='cuda:0', grad_fn=<NllLossBackward0>)
tensor(10.6553, device='cuda:0', grad_fn=<NllLossBackward0>)
tensor(10.6535, device='cuda:0', grad_fn=<NllLossBackward0>)
{'loss': 11.4577, 'learning_rate': 4.999875e-05, 'epoch': 0.25}
quad loss
----
tensor(9.6128, device='cuda:0', grad_fn=<AddBackward0>)
tensor(8.8164, device='cuda:0', grad_fn=<NllLossBackward0>)
tensor(8.8199, device='cuda:0', grad_fn=<NllLossBackward0>)
tensor(8.8243, device='cuda:0', grad_fn=<NllLossBackward0>)
{'loss': 9.6128, 'learning_rate': 4.9997500000000004e-05, 'epoch': 0.5}
quad loss
----
tensor(7.9491, device='cuda:0', grad_fn=<AddBackward0>)
tensor(7.1360, device='cuda:0', grad_fn=<NllLossBackward0>)
tensor(7.1320, device='cuda:0', grad_fn=<NllLossBackward0>)
tensor(7.1276, device='cuda:0', grad_fn=<NllLossBackward0>)
{'loss': 7.9491, 'learning_rate': 4.999625e-05, 'epoch': 0.75}
quad loss
----
tensor(6.4495, device='cuda:0', grad_fn=<AddBackward0>)
tensor(5.6912, device='cuda:0', grad_fn=<NllLossBackward0>)
tensor(5.6850, device='cuda:0', grad_fn=<NllLossBackward0>)
tensor(5.7127, device='cuda:0', grad_fn=<NllLossBackward0>)
{'loss': 6.4495, 'learning_rate': 4.9995000000000005e-05, 'epoch': 1.0}
quad loss
----
tensor(5.4991, device='cuda:0', grad_fn=<AddBackward0>)
tensor(4.7053, device='cuda:0', grad_fn=<NllLossBackward0>)
tensor(4.7079, device='cuda:0', grad_fn=<NllLossBackward0>)
tensor(4.7096, device='cuda:0', grad_fn=<NllLossBackward0>)
{'loss': 5.4991, 'learning_rate': 4.999375e-05, 'epoch': 1.25}
quad loss
----
tensor(4.9164, device='cuda:0', grad_fn=<AddBackward0>)
tensor(4.1323, device='cuda:0', grad_fn=<NllLossBackward0>)
tensor(4.1303, device='cuda:0', grad_fn=<NllLossBackward0>)
tensor(4.1377, device='cuda:0', grad_fn=<NllLossBackward0>)
{'loss': 4.9164, 'learning_rate': 4.9992500000000006e-05, 'epoch': 1.5}
quad loss
----
tensor(4.8100, device='cuda:0', grad_fn=<AddBackward0>)
tensor(4.0199, device='cuda:0', grad_fn=<NllLossBackward0>)
tensor(4.0180, device='cuda:0', grad_fn=<NllLossBackward0>)
tensor(4.0234, device='cuda:0', grad_fn=<NllLossBackward0>)
{'loss': 4.81, 'learning_rate': 4.999125e-05, 'epoch': 1.75}
quad loss
----
tensor(4.7710, device='cuda:0', grad_fn=<AddBackward0>)
tensor(3.9732, device='cuda:0', grad_fn=<NllLossBackward0>)
tensor(3.9738, device='cuda:0', grad_fn=<NllLossBackward0>)
tensor(3.9750, device='cuda:0', grad_fn=<NllLossBackward0>)
{'loss': 4.771, 'learning_rate': 4.999e-05, 'epoch': 2.0}
quad loss
----
tensor(4.5825, device='cuda:0', grad_fn=<AddBackward0>)
tensor(3.8031, device='cuda:0', grad_fn=<NllLossBackward0>)
tensor(3.8012, device='cuda:0', grad_fn=<NllLossBackward0>)
tensor(3.8157, device='cuda:0', grad_fn=<NllLossBackward0>)
{'loss': 4.5825, 'learning_rate': 4.998875e-05, 'epoch': 2.25}
quad loss
----
tensor(4.4151, device='cuda:0', grad_fn=<AddBackward0>)
tensor(3.6325, device='cuda:0', grad_fn=<NllLossBackward0>)
tensor(3.6332, device='cuda:0', grad_fn=<NllLossBackward0>)
tensor(3.6419, device='cuda:0', grad_fn=<NllLossBackward0>)
{'loss': 4.4151, 'learning_rate': 4.99875e-05, 'epoch': 2.5}
quad loss
----
tensor(4.2500, device='cuda:0', grad_fn=<AddBackward0>)
tensor(3.4734, device='cuda:0', grad_fn=<NllLossBackward0>)
tensor(3.4743, device='cuda:0', grad_fn=<NllLossBackward0>)
tensor(3.4848, device='cuda:0', grad_fn=<NllLossBackward0>)
{'loss': 4.25, 'learning_rate': 4.998625e-05, 'epoch': 2.75}
quad loss
----
tensor(4.1938, device='cuda:0', grad_fn=<AddBackward0>)
tensor(3.4232, device='cuda:0', grad_fn=<NllLossBackward0>)
tensor(3.4202, device='cuda:0', grad_fn=<NllLossBackward0>)
tensor(3.4332, device='cuda:0', grad_fn=<NllLossBackward0>)
{'loss': 4.1938, 'learning_rate': 4.9985e-05, 'epoch': 3.0}
quad loss
----
tensor(4.1260, device='cuda:0', grad_fn=<AddBackward0>)
tensor(3.3503, device='cuda:0', grad_fn=<NllLossBackward0>)
tensor(3.3485, device='cuda:0', grad_fn=<NllLossBackward0>)
tensor(3.3621, device='cuda:0', grad_fn=<NllLossBackward0>)
{'loss': 4.126, 'learning_rate': 4.9983750000000004e-05, 'epoch': 3.25}
quad loss
----
tensor(4.0695, device='cuda:0', grad_fn=<AddBackward0>)
tensor(3.3042, device='cuda:0', grad_fn=<NllLossBackward0>)
tensor(3.3024, device='cuda:0', grad_fn=<NllLossBackward0>)
tensor(3.3188, device='cuda:0', grad_fn=<NllLossBackward0>)
{'loss': 4.0695, 'learning_rate': 4.9982500000000005e-05, 'epoch': 3.5}
quad loss
----
tensor(3.9692, device='cuda:0', grad_fn=<AddBackward0>)
tensor(3.2116, device='cuda:0', grad_fn=<NllLossBackward0>)
tensor(3.2126, device='cuda:0', grad_fn=<NllLossBackward0>)
tensor(3.2339, device='cuda:0', grad_fn=<NllLossBackward0>)
{'loss': 3.9692, 'learning_rate': 4.998125e-05, 'epoch': 3.75}
quad loss
----
tensor(3.8805, device='cuda:0', grad_fn=<AddBackward0>)
tensor(3.1263, device='cuda:0', grad_fn=<NllLossBackward0>)
tensor(3.1322, device='cuda:0', grad_fn=<NllLossBackward0>)
tensor(3.1581, device='cuda:0', grad_fn=<NllLossBackward0>)
{'loss': 3.8805, 'learning_rate': 4.9980000000000006e-05, 'epoch': 4.0}
quad loss
----
tensor(3.7691, device='cuda:0', grad_fn=<AddBackward0>)
tensor(3.0155, device='cuda:0', grad_fn=<NllLossBackward0>)
tensor(3.0153, device='cuda:0', grad_fn=<NllLossBackward0>)
tensor(3.0392, device='cuda:0', grad_fn=<NllLossBackward0>)
{'loss': 3.7691, 'learning_rate': 4.997875e-05, 'epoch': 4.25}
quad loss
----
tensor(3.7258, device='cuda:0', grad_fn=<AddBackward0>)
tensor(2.9793, device='cuda:0', grad_fn=<NllLossBackward0>)
tensor(2.9836, device='cuda:0', grad_fn=<NllLossBackward0>)
tensor(3.0123, device='cuda:0', grad_fn=<NllLossBackward0>)
{'loss': 3.7258, 'learning_rate': 4.997750000000001e-05, 'epoch': 4.5}
quad loss
----
tensor(3.5921, device='cuda:0', grad_fn=<AddBackward0>)
tensor(2.8654, device='cuda:0', grad_fn=<NllLossBackward0>)
tensor(2.8646, device='cuda:0', grad_fn=<NllLossBackward0>)
tensor(2.9009, device='cuda:0', grad_fn=<NllLossBackward0>)
{'loss': 3.5921, 'learning_rate': 4.997625e-05, 'epoch': 4.75}
quad loss
----
tensor(3.5399, device='cuda:0', grad_fn=<AddBackward0>)
tensor(2.8310, device='cuda:0', grad_fn=<NllLossBackward0>)
tensor(2.8283, device='cuda:0', grad_fn=<NllLossBackward0>)
tensor(2.8699, device='cuda:0', grad_fn=<NllLossBackward0>)
{'loss': 3.5399, 'learning_rate': 4.9975e-05, 'epoch': 5.0}
quad loss
----
tensor(3.5121, device='cuda:0', grad_fn=<AddBackward0>)
tensor(2.8053, device='cuda:0', grad_fn=<NllLossBackward0>)
tensor(2.8073, device='cuda:0', grad_fn=<NllLossBackward0>)
tensor(2.8545, device='cuda:0', grad_fn=<NllLossBackward0>)
{'loss': 3.5121, 'learning_rate': 4.997375e-05, 'epoch': 5.25}
quad loss
----
tensor(3.4676, device='cuda:0', grad_fn=<AddBackward0>)
tensor(2.7687, device='cuda:0', grad_fn=<NllLossBackward0>)
tensor(2.7699, device='cuda:0', grad_fn=<NllLossBackward0>)
tensor(2.8172, device='cuda:0', grad_fn=<NllLossBackward0>)
{'loss': 3.4676, 'learning_rate': 4.99725e-05, 'epoch': 5.5}
quad loss
----
tensor(3.3802, device='cuda:0', grad_fn=<AddBackward0>)
tensor(2.7116, device='cuda:0', grad_fn=<NllLossBackward0>)
tensor(2.7088, device='cuda:0', grad_fn=<NllLossBackward0>)
tensor(2.7754, device='cuda:0', grad_fn=<NllLossBackward0>)
{'loss': 3.3802, 'learning_rate': 4.9971250000000004e-05, 'epoch': 5.75}
quad loss
----
tensor(3.2392, device='cuda:0', grad_fn=<AddBackward0>)
tensor(2.6301, device='cuda:0', grad_fn=<NllLossBackward0>)
tensor(2.6300, device='cuda:0', grad_fn=<NllLossBackward0>)
tensor(2.7308, device='cuda:0', grad_fn=<NllLossBackward0>)
{'loss': 3.2392, 'learning_rate': 4.997e-05, 'epoch': 6.0}
quad loss
----
tensor(3.2378, device='cuda:0', grad_fn=<AddBackward0>)
tensor(2.6043, device='cuda:0', grad_fn=<NllLossBackward0>)
tensor(2.6070, device='cuda:0', grad_fn=<NllLossBackward0>)
tensor(2.6921, device='cuda:0', grad_fn=<NllLossBackward0>)
{'loss': 3.2378, 'learning_rate': 4.9968750000000005e-05, 'epoch': 6.25}
quad loss
----
tensor(3.1714, device='cuda:0', grad_fn=<AddBackward0>)
tensor(2.5725, device='cuda:0', grad_fn=<NllLossBackward0>)
tensor(2.5728, device='cuda:0', grad_fn=<NllLossBackward0>)
tensor(2.6801, device='cuda:0', grad_fn=<NllLossBackward0>)
{'loss': 3.1714, 'learning_rate': 4.99675e-05, 'epoch': 6.5}
quad loss
----
tensor(3.0885, device='cuda:0', grad_fn=<AddBackward0>)
tensor(2.5240, device='cuda:0', grad_fn=<NllLossBackward0>)
tensor(2.5250, device='cuda:0', grad_fn=<NllLossBackward0>)
tensor(2.6421, device='cuda:0', grad_fn=<NllLossBackward0>)
{'loss': 3.0885, 'learning_rate': 4.9966250000000006e-05, 'epoch': 6.75}
quad loss
----
tensor(3.0751, device='cuda:0', grad_fn=<AddBackward0>)
tensor(2.5409, device='cuda:0', grad_fn=<NllLossBackward0>)
tensor(2.5409, device='cuda:0', grad_fn=<NllLossBackward0>)
tensor(2.6715, device='cuda:0', grad_fn=<NllLossBackward0>)
{'loss': 3.0751, 'learning_rate': 4.9965e-05, 'epoch': 7.0}
quad loss
----
tensor(2.9759, device='cuda:0', grad_fn=<AddBackward0>)
tensor(2.4643, device='cuda:0', grad_fn=<NllLossBackward0>)
tensor(2.4650, device='cuda:0', grad_fn=<NllLossBackward0>)
tensor(2.6139, device='cuda:0', grad_fn=<NllLossBackward0>)
{'loss': 2.9759, 'learning_rate': 4.996375e-05, 'epoch': 7.25}
quad loss
----
tensor(2.9162, device='cuda:0', grad_fn=<AddBackward0>)
tensor(2.4399, device='cuda:0', grad_fn=<NllLossBackward0>)
tensor(2.4423, device='cuda:0', grad_fn=<NllLossBackward0>)
tensor(2.6076, device='cuda:0', grad_fn=<NllLossBackward0>)
{'loss': 2.9162, 'learning_rate': 4.99625e-05, 'epoch': 7.5}
quad loss
----
tensor(2.7910, device='cuda:0', grad_fn=<AddBackward0>)
tensor(2.4060, device='cuda:0', grad_fn=<NllLossBackward0>)
tensor(2.4081, device='cuda:0', grad_fn=<NllLossBackward0>)
tensor(2.6241, device='cuda:0', grad_fn=<NllLossBackward0>)
{'loss': 2.791, 'learning_rate': 4.996125e-05, 'epoch': 7.75}
quad loss
----
tensor(2.7014, device='cuda:0', grad_fn=<AddBackward0>)
tensor(2.3512, device='cuda:0', grad_fn=<NllLossBackward0>)
tensor(2.3524, device='cuda:0', grad_fn=<NllLossBackward0>)
tensor(2.5750, device='cuda:0', grad_fn=<NllLossBackward0>)
{'loss': 2.7014, 'learning_rate': 4.996e-05, 'epoch': 8.0}
quad loss
----
tensor(2.6843, device='cuda:0', grad_fn=<AddBackward0>)
tensor(2.3515, device='cuda:0', grad_fn=<NllLossBackward0>)
tensor(2.3511, device='cuda:0', grad_fn=<NllLossBackward0>)
tensor(2.5929, device='cuda:0', grad_fn=<NllLossBackward0>)
{'loss': 2.6843, 'learning_rate': 4.9958750000000003e-05, 'epoch': 8.25}
quad loss
----
tensor(2.6534, device='cuda:0', grad_fn=<AddBackward0>)
tensor(2.3372, device='cuda:0', grad_fn=<NllLossBackward0>)
tensor(2.3338, device='cuda:0', grad_fn=<NllLossBackward0>)
tensor(2.5804, device='cuda:0', grad_fn=<NllLossBackward0>)
{'loss': 2.6534, 'learning_rate': 4.9957500000000004e-05, 'epoch': 8.5}
quad loss
----
tensor(2.5259, device='cuda:0', grad_fn=<AddBackward0>)
tensor(2.2881, device='cuda:0', grad_fn=<NllLossBackward0>)
tensor(2.2897, device='cuda:0', grad_fn=<NllLossBackward0>)
tensor(2.5702, device='cuda:0', grad_fn=<NllLossBackward0>)
{'loss': 2.5259, 'learning_rate': 4.9956250000000005e-05, 'epoch': 8.75}
quad loss
----
tensor(2.6000, device='cuda:0', grad_fn=<AddBackward0>)
tensor(2.3368, device='cuda:0', grad_fn=<NllLossBackward0>)
tensor(2.3364, device='cuda:0', grad_fn=<NllLossBackward0>)
tensor(2.6028, device='cuda:0', grad_fn=<NllLossBackward0>)
{'loss': 2.6, 'learning_rate': 4.9955e-05, 'epoch': 9.0}
quad loss
----
tensor(2.4700, device='cuda:0', grad_fn=<AddBackward0>)
tensor(2.2710, device='cuda:0', grad_fn=<NllLossBackward0>)
tensor(2.2727, device='cuda:0', grad_fn=<NllLossBackward0>)
tensor(2.5737, device='cuda:0', grad_fn=<NllLossBackward0>)
{'loss': 2.47, 'learning_rate': 4.9953750000000006e-05, 'epoch': 9.25}
quad loss
----
tensor(2.3961, device='cuda:0', grad_fn=<AddBackward0>)
tensor(2.2573, device='cuda:0', grad_fn=<NllLossBackward0>)
tensor(2.2650, device='cuda:0', grad_fn=<NllLossBackward0>)
tensor(2.6262, device='cuda:0', grad_fn=<NllLossBackward0>)
{'loss': 2.3961, 'learning_rate': 4.99525e-05, 'epoch': 9.5}
quad loss
----
tensor(2.4149, device='cuda:0', grad_fn=<AddBackward0>)
tensor(2.2443, device='cuda:0', grad_fn=<NllLossBackward0>)
tensor(2.2448, device='cuda:0', grad_fn=<NllLossBackward0>)
tensor(2.5743, device='cuda:0', grad_fn=<NllLossBackward0>)
{'loss': 2.4149, 'learning_rate': 4.995125000000001e-05, 'epoch': 9.75}
quad loss
----
tensor(2.2628, device='cuda:0', grad_fn=<AddBackward0>)
tensor(2.1584, device='cuda:0', grad_fn=<NllLossBackward0>)
tensor(2.1656, device='cuda:0', grad_fn=<NllLossBackward0>)
tensor(2.5613, device='cuda:0', grad_fn=<NllLossBackward0>)
{'loss': 2.2628, 'learning_rate': 4.995e-05, 'epoch': 10.0}
quad loss
----
tensor(2.3123, device='cuda:0', grad_fn=<AddBackward0>)
tensor(2.1828, device='cuda:0', grad_fn=<NllLossBackward0>)
tensor(2.1825, device='cuda:0', grad_fn=<NllLossBackward0>)
tensor(2.5531, device='cuda:0', grad_fn=<NllLossBackward0>)
{'loss': 2.3123, 'learning_rate': 4.994875e-05, 'epoch': 10.25}
quad loss
----
tensor(2.2781, device='cuda:0', grad_fn=<AddBackward0>)
tensor(2.1582, device='cuda:0', grad_fn=<NllLossBackward0>)
tensor(2.1635, device='cuda:0', grad_fn=<NllLossBackward0>)
tensor(2.5436, device='cuda:0', grad_fn=<NllLossBackward0>)
{'loss': 2.2781, 'learning_rate': 4.99475e-05, 'epoch': 10.5}
quad loss
----
tensor(2.2618, device='cuda:0', grad_fn=<AddBackward0>)
tensor(2.1464, device='cuda:0', grad_fn=<NllLossBackward0>)
tensor(2.1511, device='cuda:0', grad_fn=<NllLossBackward0>)
tensor(2.5357, device='cuda:0', grad_fn=<NllLossBackward0>)
{'loss': 2.2618, 'learning_rate': 4.994625e-05, 'epoch': 10.75}
quad loss
----
tensor(2.2193, device='cuda:0', grad_fn=<AddBackward0>)
tensor(2.1383, device='cuda:0', grad_fn=<NllLossBackward0>)
tensor(2.1383, device='cuda:0', grad_fn=<NllLossBackward0>)
tensor(2.5573, device='cuda:0', grad_fn=<NllLossBackward0>)
{'loss': 2.2193, 'learning_rate': 4.9945000000000004e-05, 'epoch': 11.0}
quad loss
----
tensor(2.1425, device='cuda:0', grad_fn=<AddBackward0>)
tensor(2.0752, device='cuda:0', grad_fn=<NllLossBackward0>)
tensor(2.0809, device='cuda:0', grad_fn=<NllLossBackward0>)
tensor(2.5136, device='cuda:0', grad_fn=<NllLossBackward0>)
{'loss': 2.1425, 'learning_rate': 4.994375e-05, 'epoch': 11.25}
quad loss
----
tensor(2.1281, device='cuda:0', grad_fn=<AddBackward0>)
tensor(2.0777, device='cuda:0', grad_fn=<NllLossBackward0>)
tensor(2.0778, device='cuda:0', grad_fn=<NllLossBackward0>)
tensor(2.5274, device='cuda:0', grad_fn=<NllLossBackward0>)
{'loss': 2.1281, 'learning_rate': 4.9942500000000005e-05, 'epoch': 11.5}
quad loss
----
tensor(2.1732, device='cuda:0', grad_fn=<AddBackward0>)
tensor(2.0743, device='cuda:0', grad_fn=<NllLossBackward0>)
tensor(2.0804, device='cuda:0', grad_fn=<NllLossBackward0>)
tensor(2.4815, device='cuda:0', grad_fn=<NllLossBackward0>)
{'loss': 2.1732, 'learning_rate': 4.994125e-05, 'epoch': 11.75}
quad loss
----
tensor(2.0985, device='cuda:0', grad_fn=<AddBackward0>)
tensor(2.0602, device='cuda:0', grad_fn=<NllLossBackward0>)
tensor(2.0577, device='cuda:0', grad_fn=<NllLossBackward0>)
tensor(2.5195, device='cuda:0', grad_fn=<NllLossBackward0>)
{'loss': 2.0985, 'learning_rate': 4.9940000000000006e-05, 'epoch': 12.0}
quad loss
----
tensor(2.0628, device='cuda:0', grad_fn=<AddBackward0>)
tensor(2.0249, device='cuda:0', grad_fn=<NllLossBackward0>)
tensor(2.0249, device='cuda:0', grad_fn=<NllLossBackward0>)
tensor(2.4870, device='cuda:0', grad_fn=<NllLossBackward0>)
{'loss': 2.0628, 'learning_rate': 4.993875e-05, 'epoch': 12.25}
quad loss
----
tensor(2.0139, device='cuda:0', grad_fn=<AddBackward0>)
tensor(1.9945, device='cuda:0', grad_fn=<NllLossBackward0>)
tensor(1.9961, device='cuda:0', grad_fn=<NllLossBackward0>)
tensor(2.4767, device='cuda:0', grad_fn=<NllLossBackward0>)
{'loss': 2.0139, 'learning_rate': 4.99375e-05, 'epoch': 12.5}
quad loss
----
tensor(2.0175, device='cuda:0', grad_fn=<AddBackward0>)
tensor(2.0038, device='cuda:0', grad_fn=<NllLossBackward0>)
tensor(2.0048, device='cuda:0', grad_fn=<NllLossBackward0>)
tensor(2.4910, device='cuda:0', grad_fn=<NllLossBackward0>)
{'loss': 2.0175, 'learning_rate': 4.993625e-05, 'epoch': 12.75}
quad loss
----
tensor(1.9268, device='cuda:0', grad_fn=<AddBackward0>)
tensor(1.9268, device='cuda:0', grad_fn=<NllLossBackward0>)
tensor(1.9326, device='cuda:0', grad_fn=<NllLossBackward0>)
tensor(2.4498, device='cuda:0', grad_fn=<NllLossBackward0>)
{'loss': 1.9268, 'learning_rate': 4.9935e-05, 'epoch': 13.0}
quad loss
----
tensor(1.9459, device='cuda:0', grad_fn=<AddBackward0>)
tensor(1.9459, device='cuda:0', grad_fn=<NllLossBackward0>)
tensor(1.9526, device='cuda:0', grad_fn=<NllLossBackward0>)
tensor(2.4752, device='cuda:0', grad_fn=<NllLossBackward0>)
{'loss': 1.9459, 'learning_rate': 4.993375e-05, 'epoch': 13.25}
quad loss
----
tensor(1.9209, device='cuda:0', grad_fn=<AddBackward0>)
tensor(1.9209, device='cuda:0', grad_fn=<NllLossBackward0>)
tensor(1.9213, device='cuda:0', grad_fn=<NllLossBackward0>)
tensor(2.4372, device='cuda:0', grad_fn=<NllLossBackward0>)
{'loss': 1.9209, 'learning_rate': 4.9932500000000003e-05, 'epoch': 13.5}
quad loss
----
tensor(1.9021, device='cuda:0', grad_fn=<AddBackward0>)
tensor(1.9021, device='cuda:0', grad_fn=<NllLossBackward0>)
tensor(1.9059, device='cuda:0', grad_fn=<NllLossBackward0>)
tensor(2.4421, device='cuda:0', grad_fn=<NllLossBackward0>)
{'loss': 1.9021, 'learning_rate': 4.9931250000000004e-05, 'epoch': 13.75}
quad loss
----
tensor(1.9596, device='cuda:0', grad_fn=<AddBackward0>)
tensor(1.9165, device='cuda:0', grad_fn=<NllLossBackward0>)
tensor(1.9280, device='cuda:0', grad_fn=<NllLossBackward0>)
tensor(2.3849, device='cuda:0', grad_fn=<NllLossBackward0>)
{'loss': 1.9596, 'learning_rate': 4.9930000000000005e-05, 'epoch': 14.0}
quad loss
----
tensor(1.9254, device='cuda:0', grad_fn=<AddBackward0>)
tensor(1.8727, device='cuda:0', grad_fn=<NllLossBackward0>)
tensor(1.8793, device='cuda:0', grad_fn=<NllLossBackward0>)
tensor(2.3266, device='cuda:0', grad_fn=<NllLossBackward0>)
{'loss': 1.9254, 'learning_rate': 4.992875e-05, 'epoch': 14.25}
quad loss
----
tensor(1.8538, device='cuda:0', grad_fn=<AddBackward0>)
tensor(1.8538, device='cuda:0', grad_fn=<NllLossBackward0>)
tensor(1.8534, device='cuda:0', grad_fn=<NllLossBackward0>)
tensor(2.3761, device='cuda:0', grad_fn=<NllLossBackward0>)
{'loss': 1.8538, 'learning_rate': 4.9927500000000006e-05, 'epoch': 14.5}
quad loss
----
tensor(1.8367, device='cuda:0', grad_fn=<AddBackward0>)
tensor(1.8367, device='cuda:0', grad_fn=<NllLossBackward0>)
tensor(1.8415, device='cuda:0', grad_fn=<NllLossBackward0>)
tensor(2.3435, device='cuda:0', grad_fn=<NllLossBackward0>)
{'loss': 1.8367, 'learning_rate': 4.992625e-05, 'epoch': 14.75}
quad loss
----
tensor(1.8208, device='cuda:0', grad_fn=<AddBackward0>)
tensor(1.8208, device='cuda:0', grad_fn=<NllLossBackward0>)
tensor(1.8235, device='cuda:0', grad_fn=<NllLossBackward0>)
tensor(2.3528, device='cuda:0', grad_fn=<NllLossBackward0>)
{'loss': 1.8208, 'learning_rate': 4.992500000000001e-05, 'epoch': 15.0}
quad loss
----
tensor(1.8210, device='cuda:0', grad_fn=<AddBackward0>)
tensor(1.8183, device='cuda:0', grad_fn=<NllLossBackward0>)
tensor(1.8279, device='cuda:0', grad_fn=<NllLossBackward0>)
tensor(2.3252, device='cuda:0', grad_fn=<NllLossBackward0>)
{'loss': 1.821, 'learning_rate': 4.992375e-05, 'epoch': 15.25}
quad loss
----
tensor(1.7927, device='cuda:0', grad_fn=<AddBackward0>)
tensor(1.7927, device='cuda:0', grad_fn=<NllLossBackward0>)
tensor(1.8009, device='cuda:0', grad_fn=<NllLossBackward0>)
tensor(2.3294, device='cuda:0', grad_fn=<NllLossBackward0>)
{'loss': 1.7927, 'learning_rate': 4.99225e-05, 'epoch': 15.5}
quad loss
----
tensor(1.7768, device='cuda:0', grad_fn=<AddBackward0>)
tensor(1.7768, device='cuda:0', grad_fn=<NllLossBackward0>)
tensor(1.7809, device='cuda:0', grad_fn=<NllLossBackward0>)
tensor(2.3075, device='cuda:0', grad_fn=<NllLossBackward0>)
{'loss': 1.7768, 'learning_rate': 4.992125e-05, 'epoch': 15.75}
quad loss
----
tensor(1.7445, device='cuda:0', grad_fn=<AddBackward0>)
tensor(1.7445, device='cuda:0', grad_fn=<NllLossBackward0>)
tensor(1.7567, device='cuda:0', grad_fn=<NllLossBackward0>)
tensor(2.3246, device='cuda:0', grad_fn=<NllLossBackward0>)
{'loss': 1.7445, 'learning_rate': 4.992e-05, 'epoch': 16.0}
quad loss
----
tensor(1.7468, device='cuda:0', grad_fn=<AddBackward0>)
tensor(1.7468, device='cuda:0', grad_fn=<NllLossBackward0>)
tensor(1.7543, device='cuda:0', grad_fn=<NllLossBackward0>)
tensor(2.2582, device='cuda:0', grad_fn=<NllLossBackward0>)
{'loss': 1.7468, 'learning_rate': 4.9918750000000004e-05, 'epoch': 16.25}
quad loss
----
tensor(1.7517, device='cuda:0', grad_fn=<AddBackward0>)
tensor(1.7429, device='cuda:0', grad_fn=<NllLossBackward0>)
tensor(1.7490, device='cuda:0', grad_fn=<NllLossBackward0>)
tensor(2.2401, device='cuda:0', grad_fn=<NllLossBackward0>)
{'loss': 1.7517, 'learning_rate': 4.99175e-05, 'epoch': 16.5}
quad loss
----
tensor(1.7120, device='cuda:0', grad_fn=<AddBackward0>)
tensor(1.7120, device='cuda:0', grad_fn=<NllLossBackward0>)
tensor(1.7150, device='cuda:0', grad_fn=<NllLossBackward0>)
tensor(2.2681, device='cuda:0', grad_fn=<NllLossBackward0>)
{'loss': 1.712, 'learning_rate': 4.9916250000000005e-05, 'epoch': 16.75}
quad loss
----
tensor(1.7020, device='cuda:0', grad_fn=<AddBackward0>)
tensor(1.7020, device='cuda:0', grad_fn=<NllLossBackward0>)
tensor(1.7078, device='cuda:0', grad_fn=<NllLossBackward0>)
tensor(2.2670, device='cuda:0', grad_fn=<NllLossBackward0>)
{'loss': 1.702, 'learning_rate': 4.9915e-05, 'epoch': 17.0}
quad loss
----
tensor(1.6875, device='cuda:0', grad_fn=<AddBackward0>)
tensor(1.6875, device='cuda:0', grad_fn=<NllLossBackward0>)
tensor(1.6972, device='cuda:0', grad_fn=<NllLossBackward0>)
tensor(2.2580, device='cuda:0', grad_fn=<NllLossBackward0>)
{'loss': 1.6875, 'learning_rate': 4.9913750000000006e-05, 'epoch': 17.25}
quad loss
----
tensor(1.6897, device='cuda:0', grad_fn=<AddBackward0>)
tensor(1.6897, device='cuda:0', grad_fn=<NllLossBackward0>)
tensor(1.6934, device='cuda:0', grad_fn=<NllLossBackward0>)
tensor(2.2505, device='cuda:0', grad_fn=<NllLossBackward0>)
{'loss': 1.6897, 'learning_rate': 4.99125e-05, 'epoch': 17.5}
quad loss
----
tensor(1.6746, device='cuda:0', grad_fn=<AddBackward0>)
tensor(1.6746, device='cuda:0', grad_fn=<NllLossBackward0>)
tensor(1.6819, device='cuda:0', grad_fn=<NllLossBackward0>)
tensor(2.1868, device='cuda:0', grad_fn=<NllLossBackward0>)
{'loss': 1.6746, 'learning_rate': 4.991125e-05, 'epoch': 17.75}
quad loss
----
tensor(1.6348, device='cuda:0', grad_fn=<AddBackward0>)
tensor(1.6348, device='cuda:0', grad_fn=<NllLossBackward0>)
tensor(1.6435, device='cuda:0', grad_fn=<NllLossBackward0>)
tensor(2.2116, device='cuda:0', grad_fn=<NllLossBackward0>)
{'loss': 1.6348, 'learning_rate': 4.991e-05, 'epoch': 18.0}
quad loss
----
tensor(1.6400, device='cuda:0', grad_fn=<AddBackward0>)
tensor(1.6400, device='cuda:0', grad_fn=<NllLossBackward0>)
tensor(1.6480, device='cuda:0', grad_fn=<NllLossBackward0>)
tensor(2.2119, device='cuda:0', grad_fn=<NllLossBackward0>)
{'loss': 1.64, 'learning_rate': 4.990875e-05, 'epoch': 18.25}
quad loss
----
tensor(1.6170, device='cuda:0', grad_fn=<AddBackward0>)
tensor(1.6170, device='cuda:0', grad_fn=<NllLossBackward0>)
tensor(1.6276, device='cuda:0', grad_fn=<NllLossBackward0>)
tensor(2.1847, device='cuda:0', grad_fn=<NllLossBackward0>)
{'loss': 1.617, 'learning_rate': 4.99075e-05, 'epoch': 18.5}
quad loss
----
tensor(1.6180, device='cuda:0', grad_fn=<AddBackward0>)
tensor(1.6180, device='cuda:0', grad_fn=<NllLossBackward0>)
tensor(1.6239, device='cuda:0', grad_fn=<NllLossBackward0>)
tensor(2.1776, device='cuda:0', grad_fn=<NllLossBackward0>)
{'loss': 1.618, 'learning_rate': 4.9906250000000004e-05, 'epoch': 18.75}
quad loss
----
tensor(1.5988, device='cuda:0', grad_fn=<AddBackward0>)
tensor(1.5988, device='cuda:0', grad_fn=<NllLossBackward0>)
tensor(1.6057, device='cuda:0', grad_fn=<NllLossBackward0>)
tensor(2.1612, device='cuda:0', grad_fn=<NllLossBackward0>)
{'loss': 1.5988, 'learning_rate': 4.9905000000000004e-05, 'epoch': 19.0}
quad loss
----
tensor(1.5843, device='cuda:0', grad_fn=<AddBackward0>)
tensor(1.5843, device='cuda:0', grad_fn=<NllLossBackward0>)
tensor(1.5946, device='cuda:0', grad_fn=<NllLossBackward0>)
tensor(2.1283, device='cuda:0', grad_fn=<NllLossBackward0>)
{'loss': 1.5843, 'learning_rate': 4.9903750000000005e-05, 'epoch': 19.25}
quad loss
----
tensor(1.5791, device='cuda:0', grad_fn=<AddBackward0>)
tensor(1.5791, device='cuda:0', grad_fn=<NllLossBackward0>)
tensor(1.5852, device='cuda:0', grad_fn=<NllLossBackward0>)
tensor(2.1490, device='cuda:0', grad_fn=<NllLossBackward0>)
{'loss': 1.5791, 'learning_rate': 4.99025e-05, 'epoch': 19.5}
quad loss
----
tensor(1.5622, device='cuda:0', grad_fn=<AddBackward0>)
tensor(1.5622, device='cuda:0', grad_fn=<NllLossBackward0>)
tensor(1.5641, device='cuda:0', grad_fn=<NllLossBackward0>)
tensor(2.1134, device='cuda:0', grad_fn=<NllLossBackward0>)
{'loss': 1.5622, 'learning_rate': 4.9901250000000006e-05, 'epoch': 19.75}
quad loss
----
tensor(1.5444, device='cuda:0', grad_fn=<AddBackward0>)
tensor(1.5444, device='cuda:0', grad_fn=<NllLossBackward0>)
tensor(1.5504, device='cuda:0', grad_fn=<NllLossBackward0>)
tensor(2.1087, device='cuda:0', grad_fn=<NllLossBackward0>)
{'loss': 1.5444, 'learning_rate': 4.99e-05, 'epoch': 20.0}
quad loss
----
tensor(1.5307, device='cuda:0', grad_fn=<AddBackward0>)
tensor(1.5307, device='cuda:0', grad_fn=<NllLossBackward0>)
tensor(1.5372, device='cuda:0', grad_fn=<NllLossBackward0>)
tensor(2.0960, device='cuda:0', grad_fn=<NllLossBackward0>)
{'loss': 1.5307, 'learning_rate': 4.989875e-05, 'epoch': 20.25}
quad loss
----
tensor(1.5196, device='cuda:0', grad_fn=<AddBackward0>)
tensor(1.5196, device='cuda:0', grad_fn=<NllLossBackward0>)
tensor(1.5262, device='cuda:0', grad_fn=<NllLossBackward0>)
tensor(2.1115, device='cuda:0', grad_fn=<NllLossBackward0>)
{'loss': 1.5196, 'learning_rate': 4.98975e-05, 'epoch': 20.5}
quad loss
----
tensor(1.5075, device='cuda:0', grad_fn=<AddBackward0>)
tensor(1.5075, device='cuda:0', grad_fn=<NllLossBackward0>)
tensor(1.5189, device='cuda:0', grad_fn=<NllLossBackward0>)
tensor(2.0912, device='cuda:0', grad_fn=<NllLossBackward0>)
{'loss': 1.5075, 'learning_rate': 4.989625e-05, 'epoch': 20.75}
quad loss
----
tensor(1.5258, device='cuda:0', grad_fn=<AddBackward0>)
tensor(1.5258, device='cuda:0', grad_fn=<NllLossBackward0>)
tensor(1.5378, device='cuda:0', grad_fn=<NllLossBackward0>)
tensor(2.0794, device='cuda:0', grad_fn=<NllLossBackward0>)
{'loss': 1.5258, 'learning_rate': 4.9895e-05, 'epoch': 21.0}
quad loss
----
tensor(1.4878, device='cuda:0', grad_fn=<AddBackward0>)
tensor(1.4878, device='cuda:0', grad_fn=<NllLossBackward0>)
tensor(1.4975, device='cuda:0', grad_fn=<NllLossBackward0>)
tensor(2.0357, device='cuda:0', grad_fn=<NllLossBackward0>)
{'loss': 1.4878, 'learning_rate': 4.989375e-05, 'epoch': 21.25}
quad loss
----
tensor(1.4678, device='cuda:0', grad_fn=<AddBackward0>)
tensor(1.4678, device='cuda:0', grad_fn=<NllLossBackward0>)
tensor(1.4751, device='cuda:0', grad_fn=<NllLossBackward0>)
tensor(2.0662, device='cuda:0', grad_fn=<NllLossBackward0>)
{'loss': 1.4678, 'learning_rate': 4.9892500000000004e-05, 'epoch': 21.5}
quad loss
----
tensor(1.4618, device='cuda:0', grad_fn=<AddBackward0>)
tensor(1.4618, device='cuda:0', grad_fn=<NllLossBackward0>)
tensor(1.4697, device='cuda:0', grad_fn=<NllLossBackward0>)
tensor(2.0350, device='cuda:0', grad_fn=<NllLossBackward0>)
{'loss': 1.4618, 'learning_rate': 4.989125e-05, 'epoch': 21.75}
quad loss
----
tensor(1.4661, device='cuda:0', grad_fn=<AddBackward0>)
tensor(1.4661, device='cuda:0', grad_fn=<NllLossBackward0>)
tensor(1.4698, device='cuda:0', grad_fn=<NllLossBackward0>)
tensor(2.0430, device='cuda:0', grad_fn=<NllLossBackward0>)
{'loss': 1.4661, 'learning_rate': 4.9890000000000005e-05, 'epoch': 22.0}
quad loss
----
tensor(1.4298, device='cuda:0', grad_fn=<AddBackward0>)
tensor(1.4298, device='cuda:0', grad_fn=<NllLossBackward0>)
tensor(1.4429, device='cuda:0', grad_fn=<NllLossBackward0>)
tensor(2.0049, device='cuda:0', grad_fn=<NllLossBackward0>)
{'loss': 1.4298, 'learning_rate': 4.988875e-05, 'epoch': 22.25}
quad loss
----
tensor(1.4421, device='cuda:0', grad_fn=<AddBackward0>)
tensor(1.4421, device='cuda:0', grad_fn=<NllLossBackward0>)
tensor(1.4563, device='cuda:0', grad_fn=<NllLossBackward0>)
tensor(2.0409, device='cuda:0', grad_fn=<NllLossBackward0>)
{'loss': 1.4421, 'learning_rate': 4.9887500000000006e-05, 'epoch': 22.5}
quad loss
----
tensor(1.4090, device='cuda:0', grad_fn=<AddBackward0>)
tensor(1.4090, device='cuda:0', grad_fn=<NllLossBackward0>)
tensor(1.4199, device='cuda:0', grad_fn=<NllLossBackward0>)
tensor(1.9840, device='cuda:0', grad_fn=<NllLossBackward0>)
{'loss': 1.409, 'learning_rate': 4.988625e-05, 'epoch': 22.75}
quad loss
----
tensor(1.4018, device='cuda:0', grad_fn=<AddBackward0>)
tensor(1.4018, device='cuda:0', grad_fn=<NllLossBackward0>)
tensor(1.4086, device='cuda:0', grad_fn=<NllLossBackward0>)
tensor(1.9804, device='cuda:0', grad_fn=<NllLossBackward0>)
{'loss': 1.4018, 'learning_rate': 4.9885e-05, 'epoch': 23.0}
quad loss
----
tensor(1.4007, device='cuda:0', grad_fn=<AddBackward0>)
tensor(1.4007, device='cuda:0', grad_fn=<NllLossBackward0>)
tensor(1.4177, device='cuda:0', grad_fn=<NllLossBackward0>)
tensor(1.9929, device='cuda:0', grad_fn=<NllLossBackward0>)
{'loss': 1.4007, 'learning_rate': 4.988375e-05, 'epoch': 23.25}
quad loss
----
tensor(1.3737, device='cuda:0', grad_fn=<AddBackward0>)
tensor(1.3737, device='cuda:0', grad_fn=<NllLossBackward0>)
tensor(1.3804, device='cuda:0', grad_fn=<NllLossBackward0>)
tensor(1.9520, device='cuda:0', grad_fn=<NllLossBackward0>)
{'loss': 1.3737, 'learning_rate': 4.98825e-05, 'epoch': 23.5}
quad loss
----
tensor(1.3855, device='cuda:0', grad_fn=<AddBackward0>)
tensor(1.3855, device='cuda:0', grad_fn=<NllLossBackward0>)
tensor(1.3991, device='cuda:0', grad_fn=<NllLossBackward0>)
tensor(1.9875, device='cuda:0', grad_fn=<NllLossBackward0>)
{'loss': 1.3855, 'learning_rate': 4.988125e-05, 'epoch': 23.75}
quad loss
----
tensor(1.3780, device='cuda:0', grad_fn=<AddBackward0>)
tensor(1.3780, device='cuda:0', grad_fn=<NllLossBackward0>)
tensor(1.3874, device='cuda:0', grad_fn=<NllLossBackward0>)
tensor(1.9366, device='cuda:0', grad_fn=<NllLossBackward0>)
{'loss': 1.378, 'learning_rate': 4.9880000000000004e-05, 'epoch': 24.0}
quad loss
----
tensor(1.3654, device='cuda:0', grad_fn=<AddBackward0>)
tensor(1.3654, device='cuda:0', grad_fn=<NllLossBackward0>)
tensor(1.3789, device='cuda:0', grad_fn=<NllLossBackward0>)
tensor(1.9999, device='cuda:0', grad_fn=<NllLossBackward0>)
{'loss': 1.3654, 'learning_rate': 4.9878750000000004e-05, 'epoch': 24.25}
quad loss
----
tensor(1.3397, device='cuda:0', grad_fn=<AddBackward0>)
tensor(1.3397, device='cuda:0', grad_fn=<NllLossBackward0>)
tensor(1.3531, device='cuda:0', grad_fn=<NllLossBackward0>)
tensor(1.9486, device='cuda:0', grad_fn=<NllLossBackward0>)
{'loss': 1.3397, 'learning_rate': 4.9877500000000005e-05, 'epoch': 24.5}
quad loss
----
tensor(1.3298, device='cuda:0', grad_fn=<AddBackward0>)
tensor(1.3298, device='cuda:0', grad_fn=<NllLossBackward0>)
tensor(1.3425, device='cuda:0', grad_fn=<NllLossBackward0>)
tensor(1.9695, device='cuda:0', grad_fn=<NllLossBackward0>)
{'loss': 1.3298, 'learning_rate': 4.9876250000000005e-05, 'epoch': 24.75}
quad loss
----
tensor(1.3199, device='cuda:0', grad_fn=<AddBackward0>)
tensor(1.3199, device='cuda:0', grad_fn=<NllLossBackward0>)
tensor(1.3309, device='cuda:0', grad_fn=<NllLossBackward0>)
tensor(1.9484, device='cuda:0', grad_fn=<NllLossBackward0>)
{'loss': 1.3199, 'learning_rate': 4.9875000000000006e-05, 'epoch': 25.0}
IDs: 000005
Labels: 93682502
Beams: ['9397414', '980060449', '980064678', '93676383', '980086382', '980059329', '93682502', '980086272', '980477164', '980406297', '980433494', '980165087', '980491941', '980515220', '980388559', '980392613', '980432317', '980142345']
Scores: tensor([-0.2923, -0.3024, -0.3070, -0.4026, -0.4635, -0.4823, -0.4879, -0.4948,
        -0.5904, -0.6446, -0.7611, -0.7835, -0.7850, -0.8649, -0.8708, -0.8899,
        -0.9266, -0.9443], device='cuda:0')
----
IDs: 000015
Labels: 980432317
Beams: ['980060449', '980064678', '989767777', '980086382', '980059329', '980086272', '980477164', '980406297', '989682486', '98994145', '980433494', '980165087', '980491941', '980515220', '980392613', '980388559', '980142345', '980432317']
Scores: tensor([-0.2788, -0.2794, -0.3688, -0.4438, -0.4487, -0.4658, -0.4913, -0.5513,
        -0.6201, -0.6483, -0.6761, -0.6947, -0.6968, -0.7102, -0.7642, -0.7882,
        -0.8338, -0.8710], device='cuda:0')
----
IDs: 000025
Labels: 975855199
Beams: ['97941159', '97957622', '989767777', '980060449', '980064678', '9397414', '989682486', '980086382', '62616394', '980086272', '980059329', '974476375', '98994145', '974493207', '975871928', '980477164', '9722074', '9738265']
Scores: tensor([-0.2021, -0.2759, -0.4488, -0.4973, -0.5099, -0.6323, -0.6614, -0.6684,
        -0.6689, -0.6882, -0.7004, -0.7046, -0.7127, -0.7273, -0.7517, -0.7685,
        -0.7908, -0.8983], device='cuda:0')
----
IDs: 000035
Labels: 974744455
Beams: ['97941159', '97957622', '974809147', '974493207', '974476375', '9722074', '975868301', '975594377', '974558417', '974744455', '975806303', '974541992', '975609404', '974738138', '975871928', '975789221', '9738265', '974760024']
Scores: tensor([-0.1303, -0.1979, -0.5993, -0.6089, -0.6377, -0.6680, -0.6713, -0.6827,
        -0.6961, -0.7039, -0.7127, -0.7157, -0.7279, -0.7335, -0.7632, -0.7854,
        -0.7891, -0.8410], device='cuda:0')
----
IDs: 000045
Labels: 994316259
Beams: ['997915725', '990997577', '990731871', '990710132', '994399420', '992761319', '994377556', '992984793', '994373550', '994071403', '993063226', '992674316', '991425712', '994072290', '993006537', '99190426', '991349649', '99174131']
Scores: tensor([-0.1507, -0.2750, -0.3971, -0.4139, -0.4247, -0.4447, -0.4703, -0.5214,
        -0.5518, -0.5598, -0.6810, -0.6817, -0.7154, -0.7225, -0.7299, -0.7828,
        -0.8084, -0.8991], device='cuda:0')
----
IDs: 000055
Labels: 992674316
Beams: ['997915725', '990997577', '992761319', '990731871', '990710132', '994399420', '994377556', '992984793', '994373550', '994071403', '992674316', '993063226', '991425712', '993006537', '994072290', '99190426', '992674213', '99174131']
Scores: tensor([-0.1423, -0.2782, -0.3950, -0.3966, -0.4351, -0.4479, -0.5361, -0.5437,
        -0.5822, -0.5990, -0.6711, -0.6977, -0.7082, -0.7569, -0.7857, -0.7980,
        -0.8212, -0.9067], device='cuda:0')
----
IDs: 000065
Labels: 1003500088
Beams: ['1008377007', '1009405094', '1009431111', '1007126006', '1008297681', '1009148304', '1009355726', '1007109665', '1009164506', '1008118249', '1003408674', '1008299189', '1009102672', '1009339079', '1003807067', '1003747051', '1009414457', '1008362380']
Scores: tensor([-0.3206, -0.3620, -0.3862, -0.4257, -0.4381, -0.4441, -0.4567, -0.4630,
        -0.4700, -0.4710, -0.4894, -0.5206, -0.5457, -0.5483, -0.5509, -0.5701,
        -0.6504, -0.6533], device='cuda:0')
----
IDs: 000075
Labels: 1008031687
Beams: ['1008377007', '1009405094', '1009431111', '1008297681', '1008118249', '1008299189', '1009148304', '1006817074', '1009355726', '1009164506', '1007126006', '1007109665', '1008098460', '1009339079', '1009102672', '1008362380', '1009414457', '1008102218']
Scores: tensor([-0.2844, -0.3693, -0.3878, -0.3956, -0.4102, -0.4286, -0.4437, -0.4440,
        -0.4450, -0.4735, -0.4854, -0.5206, -0.5410, -0.5432, -0.5438, -0.5940,
        -0.6286, -0.6513], device='cuda:0')
----
IDs: 000085
Labels: 1020946190
Beams: ['1008377007', '1008297681', '1008299189', '1008118249', '1009405094', '1006817074', '1009431111', '1009148304', '1009164506', '1009355726', '1008362380', '1020962335', '1009102672', '1009339079', '1007126006', '1008102218', '1006795514', '1009414457']
Scores: tensor([-0.2475, -0.3632, -0.3677, -0.3742, -0.4029, -0.4422, -0.4659, -0.4758,
        -0.4947, -0.5014, -0.5451, -0.5713, -0.5773, -0.5786, -0.5912, -0.5922,
        -0.6223, -0.6977], device='cuda:0')
----
IDs: 000095
Labels: 1015100670
Beams: ['1010978825', '1010694300', '1013961461', '1014969095', '1015084691', '1013702557', '1013983589', '1011761123', '1012091984', '1012268580', '1015111756', '1013988588', '1010973716', '1010409176', '1014066478', '1014022959', '1012074417', '1011926593']
Scores: tensor([-0.1207, -0.2475, -0.4715, -0.5008, -0.5298, -0.5401, -0.5772, -0.5867,
        -0.6340, -0.6465, -0.6557, -0.6639, -0.6859, -0.6907, -0.7593, -0.7857,
        -0.7940, -0.7969], device='cuda:0')
----
IDs: 000105
Labels: 1016333996
Beams: ['1010978825', '1016078084', '1010694300', '1016061878', '1013961461', '1016390709', '1014969095', '1013702557', '1013983589', '1015084691', '1010973716', '1011761123', '1013647979', '1016308672', '1015111756', '1012268580', '1012074417', '1010758638']
Scores: tensor([-0.1688, -0.2528, -0.3033, -0.3179, -0.5352, -0.5622, -0.5991, -0.6163,
        -0.6632, -0.6685, -0.6909, -0.6916, -0.7264, -0.7425, -0.7654, -0.7913,
        -0.8266, -0.8404], device='cuda:0')
----
IDs: 000115
Labels: 1064281649
Beams: ['1069740313', '1069683927', '1069941516', '1068448283', '1066744145', '1069957624', '1068433638', '1068287479', '1069673465', '1069678647', '1064373896', '1066726329', '1068302142', '1069437898', '1060953', '1066775', '1064391862', '1068106236']
Scores: tensor([-0.2497, -0.3861, -0.3862, -0.3991, -0.4184, -0.4416, -0.4661, -0.4743,
        -0.4818, -0.5075, -0.5299, -0.5340, -0.5504, -0.5627, -0.5803, -0.5867,
        -0.5998, -0.6275], device='cuda:0')
----
IDs: 000125
Labels: 1065352249
Beams: ['1069740313', '1069941516', '1059689688', '1059743347', '1069683927', '1069957624', '1059738650', '1076977493', '1059693932', '1068448283', '1059760505', '1068287479', '1058444907', '1069678647', '1057695', '1069673465', '1068433638', '1068302142']
Scores: tensor([-0.2783, -0.3480, -0.3930, -0.4026, -0.4049, -0.4389, -0.4427, -0.4696,
        -0.4749, -0.4908, -0.4909, -0.5298, -0.5350, -0.5413, -0.5484, -0.5523,
        -0.5951, -0.6335], device='cuda:0')
----
IDs: 000135
Labels: 1058690622
Beams: ['1077930939', '1076977493', '1077877106', '1076872976', '1076889980', '1076874285', '1076569319', '1070513', '1076972959', '1059743347', '1059738650', '1075198446', '1074639871', '1057695', '1059760505', '1072077615', '1058444907', '1073874923']
Scores: tensor([-0.1589, -0.1823, -0.2719, -0.3633, -0.3985, -0.5801, -0.6455, -0.6494,
        -0.6624, -0.6827, -0.6884, -0.7213, -0.7372, -0.7394, -0.7438, -0.7722,
        -0.7973, -0.9244], device='cuda:0')
----
IDs: 000145
Labels: 1077849357
Beams: ['1076977493', '1077930939', '1077877106', '1076872976', '1076889980', '1076874285', '1076972959', '1070513', '1076569319', '1074639871', '1075198446', '1072077615', '1071278721', '1072277866', '1073981527', '1073874923', '1071994326', '1074980915']
Scores: tensor([-0.1531, -0.1900, -0.2746, -0.3214, -0.3302, -0.5187, -0.6243, -0.6743,
        -0.6915, -0.7232, -0.7237, -0.7808, -0.8178, -0.8257, -0.8963, -0.9203,
        -0.9282, -0.9487], device='cuda:0')
----
IDs: 000155
Labels: 1076562750
Beams: ['1076977493', '1077930939', '1076872976', '1076889980', '1077877106', '1076972959', '1076874285', '1076569319', '1070513', '1075198446', '1074639871', '1076966820', '1071278721', '1072077615', '1076948350', '1071994326', '1074861728', '1074980915']
Scores: tensor([-0.0978, -0.2515, -0.3463, -0.3958, -0.4257, -0.5353, -0.5602, -0.5675,
        -0.5678, -0.7424, -0.7712, -0.7887, -0.8092, -0.8095, -0.8186, -0.9307,
        -0.9468, -0.9488], device='cuda:0')
----
IDs: 000165
Labels: 1087385312
Beams: ['1087714603', '1087698356', '1087725692', '1088973277', '1087295979', '1088989940', '1087276206', '1089277568', '1087377559', '1089497680', '1087358345', '1089584679', '1089405953', '1087404539', '1087282057', '1087385312', '1087322836', '1087302758']
Scores: tensor([-0.1218, -0.1960, -0.2809, -0.4923, -0.5717, -0.5976, -0.6411, -0.6423,
        -0.6594, -0.6671, -0.6689, -0.6697, -0.6955, -0.7097, -0.7429, -0.7555,
        -0.7606, -0.7775], device='cuda:0')
----
IDs: 000175
Labels: 1091914945
Beams: ['1097979963', '1097799584', '1086375697', '1090731622', '1097984044', '1097963491', '1086376672', '1091979458', '1086401978', '1097635866', '1086420697', '1086398324', '1097879213', '1097634148', '1097963105', '1086333768', '1092202885', '1091991442']
Scores: tensor([-0.2973, -0.3120, -0.4400, -0.4402, -0.4581, -0.4589, -0.4661, -0.4899,
        -0.4990, -0.4998, -0.5164, -0.5267, -0.5298, -0.5419, -0.5640, -0.5667,
        -0.5698, -0.6514], device='cuda:0')
----
IDs: 000185
Labels: 1092960870
Beams: ['1090887976', '1098889954', '1090731622', '1097979963', '1097799584', '1097984044', '1098781935', '1092202885', '1098873277', '1098787000', '1097889464', '1097963491', '1098782448', '1093289262', '1097635866', '1091979458', '1091991442', '1091995847']
Scores: tensor([-0.2760, -0.3397, -0.3466, -0.3768, -0.4192, -0.4359, -0.4362, -0.4505,
        -0.4538, -0.4612, -0.4660, -0.5117, -0.5180, -0.5578, -0.5610, -0.5644,
        -0.6497, -0.6543], device='cuda:0')
----
IDs: 000195
Labels: 1093283750
Beams: ['1098889954', '1098787000', '1098781935', '1098873277', '1097799584', '1097889464', '1097979963', '1090887976', '1098782448', '1097984044', '1097879213', '1098874647', '1097892172', '1090731622', '1097635866', '1097634148', '1097895515', '1092202885']
Scores: tensor([-0.2256, -0.3418, -0.3516, -0.3542, -0.3670, -0.3694, -0.3801, -0.3977,
        -0.4115, -0.4246, -0.4899, -0.5163, -0.5167, -0.5224, -0.5409, -0.6124,
        -0.6216, -0.6830], device='cuda:0')
----
IDs: 000205
Labels: 1097963491
Beams: ['1097799584', '1097979963', '1097984044', '1097889464', '1097879213', '1097963491', '1097635866', '1097892172', '1097634148', '1097877199', '1098787000', '1098781935', '1098889954', '1097895515', '1097963105', '1098873277', '1098782448', '1097631728']
Scores: tensor([-0.1873, -0.2215, -0.3337, -0.3521, -0.3850, -0.4172, -0.4252, -0.4506,
        -0.4618, -0.4680, -0.4917, -0.5240, -0.5308, -0.5400, -0.5434, -0.5716,
        -0.5746, -0.6020], device='cuda:0')
----
IDs: 000215
Labels: 1097818705
Beams: ['1097799584', '1097979963', '1097635866', '1097963491', '1097984044', '1097879213', '1097634148', '1097877199', '1097889464', '1097892172', '1097963105', '1097631728', '1097895515', '1097477447', '1090731622', '1097497939', '1097979866', '1098787000']
Scores: tensor([-0.1155, -0.1893, -0.3760, -0.4074, -0.4142, -0.4155, -0.4274, -0.4449,
        -0.4720, -0.5169, -0.5394, -0.5746, -0.6138, -0.7508, -0.7629, -0.7670,
        -0.8040, -0.8348], device='cuda:0')
----
IDs: 000225
Labels: 1097495627
Beams: ['1318448383', '1318267759', '1318426973', '1318357333', '1317987931', '1318119136', '1097799584', '1097979963', '1318340334', '1317961788', '1318369505', '1318339230', '1097889464', '1318288570', '1097984044', '1098787000', '1318285019', '1318283342']
Scores: tensor([-0.2945, -0.3729, -0.3830, -0.3887, -0.3969, -0.4067, -0.4233, -0.4321,
        -0.4605, -0.5051, -0.5077, -0.5093, -0.5185, -0.5537, -0.5589, -0.6014,
        -0.6026, -0.6465], device='cuda:0')
----
IDs: 000235
Labels: 1318283342
Beams: ['1318448383', '1318267759', '1318119136', '1318357333', '1318426973', '1318340334', '1319876891', '1317987931', '1318369505', '1318285019', '1318288570', '1318339230', '1319788842', '1318283342', '1317961788', '1319932719', '1319950498', '1318263763']
Scores: tensor([-0.2532, -0.2934, -0.3500, -0.3518, -0.3675, -0.3905, -0.4338, -0.4418,
        -0.4469, -0.4500, -0.4591, -0.4734, -0.5303, -0.5485, -0.5785, -0.6196,
        -0.7082, -0.7296], device='cuda:0')
----
IDs: 000245
Labels: 1317105131
Beams: ['1317987931', '1317961788', '1319788842', '1319876891', '1318267759', '1318448383', '1319932719', '1319773125', '1318357333', '1318426973', '1318119136', '1319950498', '1318340334', '1318369505', '1318285019', '1318288570', '1318339230', '1318283342']
Scores: tensor([-0.2420, -0.2845, -0.3678, -0.3683, -0.3821, -0.3873, -0.4042, -0.4487,
        -0.4503, -0.4512, -0.4618, -0.4949, -0.4998, -0.5617, -0.6074, -0.6084,
        -0.6111, -0.7140], device='cuda:0')
----
IDs: 000255
Labels: 1322676235
Beams: ['1317987931', '1318448383', '1318267759', '1329448493', '1317961788', '1329497185', '1322679973', '1318426973', '1329464373', '1318357333', '1319788842', '1318119136', '1329503606', '1329585760', '1329433749', '1318285019', '1318288570', '1329423839']
Scores: tensor([-0.3824, -0.4266, -0.4342, -0.4378, -0.4577, -0.4619, -0.4711, -0.4898,
        -0.4965, -0.5074, -0.5117, -0.5158, -0.5190, -0.5694, -0.6224, -0.6502,
        -0.6502, -0.6581], device='cuda:0')
----
IDs: 000265
Labels: 1323671089
Beams: ['1329448493', '1329497185', '1323978386', '1328977466', '1322679973', '1329464373', '1323993039', '1323988966', '1329503606', '1323977204', '1328720977', '1329585760', '1325177640', '1329550385', '1329433749', '1323993319', '1329423839', '1323737022']
Scores: tensor([-0.4208, -0.4263, -0.4287, -0.4316, -0.4535, -0.4607, -0.4620, -0.4714,
        -0.4801, -0.4919, -0.4960, -0.5036, -0.5550, -0.5603, -0.6022, -0.6034,
        -0.6466, -0.6558], device='cuda:0')
----
IDs: 000275
Labels: 1323977204
Beams: ['1328977466', '1323988966', '1328720977', '1323978386', '1323993039', '1329448493', '1329497185', '1328719665', '1329503606', '1329464373', '1323993319', '1329585760', '1323977204', '1329550385', '1329450840', '1329433749', '1323737022', '1329423839']
Scores: tensor([-0.2803, -0.3236, -0.3862, -0.3930, -0.4108, -0.4605, -0.4632, -0.4851,
        -0.5118, -0.5181, -0.5302, -0.5816, -0.5834, -0.6341, -0.6349, -0.6466,
        -0.6748, -0.7021], device='cuda:0')
----
IDs: 000285
Labels: 1329464373
Beams: ['1329497185', '1329448493', '1329464373', '1329585760', '1329503606', '1328977466', '1329433749', '1329550385', '1329450840', '1329432085', '1329423839', '1329539061', '1329577890', '1328720977', '1329563222', '1329425687', '1329521611', '1323993039']
Scores: tensor([-0.3067, -0.3181, -0.3628, -0.3986, -0.3995, -0.4261, -0.4528, -0.4555,
        -0.4779, -0.5098, -0.5455, -0.5460, -0.5483, -0.5670, -0.5870, -0.6352,
        -0.6578, -0.6727], device='cuda:0')
----
IDs: 000295
Labels: 1329061383
Beams: ['1329497185', '1329448493', '1329464373', '1328977466', '1329503606', '1329585760', '1329550385', '1329433749', '1328720977', '1329450840', '1329432085', '1329423839', '1329539061', '1329577890', '1329563222', '1329425687', '1323993039', '1329521611']
Scores: tensor([-0.3229, -0.3289, -0.3706, -0.3834, -0.4034, -0.4092, -0.4835, -0.4873,
        -0.4972, -0.5086, -0.5343, -0.5467, -0.5604, -0.5748, -0.5927, -0.6278,
        -0.6530, -0.6830], device='cuda:0')
----
IDs: 000305
Labels: 1328977466
Beams: ['1329497185', '1329448493', '1329464373', '1329585760', '1329503606', '1329550385', '1328977466', '1329433749', '1320206874', '1329450840', '1329432085', '1329539061', '1329577890', '1329423839', '1329563222', '1323977204', '1323993039', '1329521611']
Scores: tensor([-0.3422, -0.3461, -0.3838, -0.3957, -0.4281, -0.4790, -0.4791, -0.5055,
        -0.5169, -0.5359, -0.5482, -0.5638, -0.5720, -0.5837, -0.6167, -0.6176,
        -0.6548, -0.6757], device='cuda:0')
----
IDs: 000315
Labels: 1325893960
Beams: ['1329497185', '1329448493', '1329464373', '1329585760', '1329503606', '1320206874', '1328977466', '1323978386', '1325177640', '1329550385', '1323977204', '1323993039', '1323988966', '1329433749', '1329432085', '1329423839', '1329563222', '1323993319']
Scores: tensor([-0.3970, -0.4078, -0.4392, -0.4590, -0.4715, -0.4773, -0.4792, -0.5003,
        -0.5024, -0.5041, -0.5201, -0.5358, -0.5684, -0.5808, -0.6362, -0.6534,
        -0.6678, -0.6697], device='cuda:0')
----
IDs: 000325
Labels: 1325177640
Beams: ['1323978386', '1323993039', '1323988966', '1325177640', '1323977204', '1329497185', '1329448493', '1328977466', '1329464373', '1329503606', '1329585760', '1328720977', '1323993319', '1329550385', '1329433749', '1321472007', '1323737022', '1329563222']
Scores: tensor([-0.3775, -0.4123, -0.4216, -0.4294, -0.4423, -0.4560, -0.4794, -0.4879,
        -0.4988, -0.5107, -0.5425, -0.5438, -0.5516, -0.5622, -0.6566, -0.6839,
        -0.6983, -0.7277], device='cuda:0')
----
IDs: 000335
Labels: 1321534494
Beams: ['1329497185', '1329448493', '1329464373', '1328977466', '1323978386', '1329503606', '1325177640', '1328720977', '1323988966', '1329585760', '1323993039', '1323977204', '1329550385', '1329433749', '1323993319', '1329432085', '1321472007', '1329423839']
Scores: tensor([-0.4096, -0.4318, -0.4457, -0.4457, -0.4611, -0.4616, -0.4847, -0.4973,
        -0.4978, -0.5047, -0.5050, -0.5213, -0.5313, -0.5844, -0.6436, -0.6598,
        -0.6649, -0.6657], device='cuda:0')
----
IDs: 000345
Labels: 1321108944
Beams: ['1328977466', '1329497185', '1329448493', '1329464373', '1328720977', '1320206874', '1329503606', '1329585760', '1323978386', '1323988966', '1325177640', '1329550385', '1323993039', '1328719665', '1329433749', '1329423839', '1329432085', '1321472007']
Scores: tensor([-0.3828, -0.3916, -0.4263, -0.4287, -0.4302, -0.4541, -0.4651, -0.4981,
        -0.4982, -0.5128, -0.5251, -0.5362, -0.5665, -0.5760, -0.5937, -0.6073,
        -0.6464, -0.6662], device='cuda:0')
----
IDs: 000355
Labels: 1319860545
Beams: ['1318448383', '1317987931', '1318267759', '1318357333', '1318426973', '1319876891', '1318119136', '1317961788', '1318340334', '1319788842', '1318339230', '1318369505', '1319932719', '1318288570', '1318285019', '1319773125', '1318283342', '1319950498']
Scores: tensor([-0.2888, -0.2945, -0.3331, -0.3541, -0.3604, -0.3680, -0.3932, -0.3970,
        -0.4169, -0.4193, -0.4748, -0.4751, -0.4867, -0.5148, -0.5218, -0.5812,
        -0.5814, -0.6191], device='cuda:0')
----
IDs: 000365
Labels: 1095741485
Beams: ['1090731622', '1090887976', '1097979963', '1097799584', '1097963491', '1097635866', '1097984044', '1097889464', '1097634148', '1097879213', '1092202885', '1097963105', '1096147512', '1096125275', '1090479289', '1098787000', '1094737651', '1097562427']
Scores: tensor([-0.2072, -0.2432, -0.3406, -0.3607, -0.4463, -0.4699, -0.4712, -0.5256,
        -0.5268, -0.5575, -0.5597, -0.5700, -0.5904, -0.6174, -0.6457, -0.6507,
        -0.6745, -0.7539], device='cuda:0')
----
IDs: 000375
Labels: 1094498851
Beams: ['1090887976', '1098889954', '1097979963', '1090731622', '1098787000', '1097799584', '1097984044', '1098873277', '1098781935', '1097889464', '1097963491', '1098782448', '1097635866', '1097634148', '1098874647', '1093289262', '1092202885', '1096147512']
Scores: tensor([-0.3114, -0.3222, -0.3606, -0.3879, -0.3990, -0.4031, -0.4229, -0.4412,
        -0.4436, -0.4567, -0.4635, -0.4811, -0.5215, -0.5636, -0.5773, -0.5954,
        -0.6073, -0.6895], device='cuda:0')
----
IDs: 000385
Labels: 1090562377
Beams: ['1090887976', '1098889954', '1090731622', '1097979963', '1098787000', '1098781935', '1098873277', '1097799584', '1097984044', '1097889464', '1097963491', '1098782448', '1097635866', '1098874647', '1096147512', '1097634148', '1092202885', '1096125275']
Scores: tensor([-0.2206, -0.2972, -0.2996, -0.4084, -0.4264, -0.4346, -0.4366, -0.4523,
        -0.4568, -0.4765, -0.5020, -0.5037, -0.5442, -0.5874, -0.6129, -0.6149,
        -0.6263, -0.6497], device='cuda:0')
----
IDs: 000395
Labels: 1089343569
Beams: ['1087698356', '1087714603', '1088973277', '1088989940', '1087725692', '1089497680', '1089277568', '1089405953', '1089584679', '1089601508', '1089343569', '1089335249', '1087295979', '1087276206', '1087377559', '1087282057', '1087404539', '1087385312']
Scores: tensor([-0.2066, -0.2508, -0.3475, -0.3641, -0.3691, -0.3909, -0.4077, -0.4241,
        -0.4390, -0.4829, -0.4898, -0.6043, -0.6172, -0.6970, -0.7129, -0.7682,
        -0.7804, -0.7834], device='cuda:0')
----
IDs: 000405
Labels: 1074980915
Beams: ['1076977493', '1077930939', '1076889980', '1076872976', '1077877106', '1076874285', '1070513', '1076972959', '1076569319', '1074639871', '1075198446', '1069740313', '1072077615', '1072277866', '1072277433', '1073981527', '1073874923', '1071994326']
Scores: tensor([-0.1389, -0.2724, -0.3006, -0.3068, -0.3367, -0.4867, -0.5444, -0.5881,
        -0.6370, -0.6979, -0.7591, -0.7612, -0.7714, -0.8265, -0.8329, -0.8778,
        -0.8923, -0.8981], device='cuda:0')
----
IDs: 000415
Labels: 1073981527
Beams: ['1076977493', '1077930939', '1076889980', '1077877106', '1076872976', '1070513', '1076874285', '1076569319', '1076972959', '1074639871', '1075198446', '1072077615', '1072277433', '1071994326', '1073551000', '1073874923', '1073981527', '1074980915']
Scores: tensor([-0.1775, -0.2779, -0.3327, -0.3464, -0.3509, -0.3643, -0.5374, -0.5987,
        -0.6208, -0.6579, -0.6833, -0.7078, -0.7296, -0.7663, -0.7819, -0.8113,
        -0.8253, -0.8356], device='cuda:0')
----
IDs: 000425
Labels: 1069941516
Beams: ['1076977493', '1076889980', '1076872976', '1077930939', '1077877106', '1069740313', '1076874285', '1076972959', '1069941516', '1069683927', '1068448283', '1070513', '1068287479', '1069957624', '1076569319', '1074639871', '1068433638', '1069678647']
Scores: tensor([-0.1411, -0.2943, -0.3269, -0.3431, -0.4077, -0.5177, -0.5220, -0.5705,
        -0.5783, -0.5829, -0.6089, -0.6196, -0.6303, -0.6773, -0.6838, -0.6960,
        -0.7436, -0.7508], device='cuda:0')
----
IDs: 000435
Labels: 1069504874
Beams: ['1069740313', '1069683927', '1069941516', '1068448283', '1068287479', '1069957624', '1068433638', '1068302142', '1066744145', '1069678647', '1069673465', '1068450264', '1068126964', '1068106236', '1066726329', '1068213505', '1068194638', '1066775']
Scores: tensor([-0.2695, -0.3419, -0.3429, -0.3645, -0.4096, -0.4196, -0.4205, -0.4689,
        -0.5049, -0.5194, -0.5353, -0.5712, -0.5747, -0.5773, -0.5825, -0.6288,
        -0.6885, -0.7073], device='cuda:0')
----
IDs: 000445
Labels: 1068433638
Beams: ['1068448283', '1068287479', '1068433638', '1068302142', '1069740313', '1069683927', '1068450264', '1068106236', '1069941516', '1068126964', '1068213505', '1069957624', '1068120219', '1068194638', '1066744145', '1068198639', '1069678647', '1069673465']
Scores: tensor([-0.2442, -0.3059, -0.3387, -0.3690, -0.4164, -0.4510, -0.4562, -0.4845,
        -0.4974, -0.4983, -0.5241, -0.5634, -0.5736, -0.5786, -0.6044, -0.6765,
        -0.7130, -0.7362], device='cuda:0')
----
IDs: 000455
Labels: 1068194638
Beams: ['1068448283', '1068287479', '1068433638', '1068302142', '1069740313', '1068450264', '1069683927', '1068106236', '1068126964', '1068213505', '1069941516', '1068194638', '1069957624', '1068120219', '1066744145', '1068198639', '1069678647', '1069673465']
Scores: tensor([-0.2384, -0.2875, -0.3510, -0.3739, -0.4308, -0.4373, -0.4646, -0.4694,
        -0.4734, -0.5051, -0.5157, -0.5567, -0.5713, -0.5833, -0.6256, -0.6560,
        -0.7343, -0.7582], device='cuda:0')
----
IDs: 000465
Labels: 1012165496
Beams: ['1010978825', '1010694300', '1013961461', '1014969095', '1011761123', '1013983589', '1012268580', '1013702557', '1015084691', '1013988588', '1012091984', '1010409176', '1011926593', '1015111756', '1012074417', '1012180207', '1011919021', '1014022959']
Scores: tensor([-0.1251, -0.2242, -0.5254, -0.5423, -0.5547, -0.5564, -0.5633, -0.5722,
        -0.6076, -0.6202, -0.6323, -0.6704, -0.7138, -0.7502, -0.7640, -0.7750,
        -0.7790, -0.7794], device='cuda:0')
----
IDs: 000475
Labels: 1011833545
Beams: ['1010978825', '1010694300', '1013961461', '1013983589', '1014969095', '1011761123', '1013702557', '1012268580', '1015084691', '1013988588', '1012091984', '1010409176', '1012088261', '1011926593', '1015111756', '1012180207', '1010758638', '1012074417']
Scores: tensor([-0.1170, -0.2164, -0.5321, -0.5460, -0.5607, -0.5646, -0.5881, -0.6055,
        -0.6057, -0.6134, -0.6559, -0.6602, -0.6874, -0.7366, -0.7475, -0.7836,
        -0.7886, -0.8087], device='cuda:0')
----
IDs: 000485
Labels: 1010703735
Beams: ['1010978825', '1010694300', '1010409176', '1010973716', '1014969095', '1013702557', '1015084691', '1010632120', '1013961461', '1011761123', '1010349099', '1010758638', '1012091984', '1010637400', '1010703735', '1012268580', '1015111756', '1011926593']
Scores: tensor([-0.0946, -0.1672, -0.6324, -0.6609, -0.6727, -0.6891, -0.6997, -0.7087,
        -0.7087, -0.7089, -0.7320, -0.7498, -0.7803, -0.7831, -0.8173, -0.8484,
        -0.8978, -0.9326], device='cuda:0')
----
IDs: 000495
Labels: 1007109665
Beams: ['1006817074', '1008377007', '1006795514', '1008297681', '1007126006', '1009405094', '1008118249', '1008299189', '1009431111', '1007109665', '1009148304', '1009355726', '1009164506', '1009339079', '1009102672', '1008362380', '1008102218', '1009414457']
Scores: tensor([-0.2908, -0.3266, -0.3560, -0.3683, -0.3921, -0.4192, -0.4195, -0.4318,
        -0.4513, -0.4524, -0.4995, -0.5230, -0.5519, -0.5886, -0.6002, -0.6044,
        -0.6355, -0.6877], device='cuda:0')
----
IDs: 000505
Labels: 1005750040
Beams: ['1007126006', '1006795514', '1007109665', '1006817074', '1008377007', '1009405094', '1009431111', '1008297681', '1009355726', '1009148304', '1008118249', '1009164506', '1009339079', '1008299189', '1009102672', '1009414457', '1008098460', '1008362380']
Scores: tensor([-0.2808, -0.3512, -0.3542, -0.3682, -0.3868, -0.3894, -0.4225, -0.4394,
        -0.4643, -0.4700, -0.4943, -0.4956, -0.5346, -0.5380, -0.5803, -0.6338,
        -0.6346, -0.6817], device='cuda:0')
----
IDs: 000515
Labels: 991339701
Beams: ['997915725', '1007126006', '1007109665', '990997577', '1009405094', '1009431111', '1006795514', '990731871', '1009148304', '1006817074', '990710132', '1009355726', '1009164506', '1008377007', '1009102672', '992761319', '1009414457', '994377556']
Scores: tensor([-0.2323, -0.3194, -0.3713, -0.3876, -0.4405, -0.4458, -0.4569, -0.4923,
        -0.5122, -0.5335, -0.5351, -0.5473, -0.5775, -0.5790, -0.5991, -0.6740,
        -0.7006, -0.7435], device='cuda:0')
----
IDs: 000525
Labels: 990731871
Beams: ['997915725', '990997577', '990731871', '990710132', '994399420', '992761319', '992984793', '994071403', '994377556', '994373550', '992674316', '991425712', '993063226', '994072290', '993006537', '99190426', '991075751', '99174131']
Scores: tensor([-0.1939, -0.2012, -0.3778, -0.3803, -0.4362, -0.4593, -0.5193, -0.5596,
        -0.5615, -0.6419, -0.6613, -0.6823, -0.6883, -0.7300, -0.7583, -0.7725,
        -0.7791, -0.8075], device='cuda:0')
----
IDs: 000535
Labels: 989413237
Beams: ['989767777', '989682486', '98994145', '986123940', '986104722', '986181545', '981408477', '989751077', '986098287', '98926998', '983738345', '985117104', '984082649', '983671965', '986605201', '98976361', '989701257', '98202027']
Scores: tensor([-0.1879, -0.2251, -0.2313, -0.3890, -0.4661, -0.4867, -0.6501, -0.7037,
        -0.7229, -0.7336, -0.7450, -0.7931, -0.8532, -0.8680, -0.8824, -0.9101,
        -0.9173, -0.9814], device='cuda:0')
----
IDs: 000545
Labels: 985159063
Beams: ['989767777', '98994145', '989682486', '986123940', '986104722', '986181545', '981408477', '983738345', '989751077', '986098287', '985117104', '98926998', '984082649', '983671965', '986605201', '985136333', '981397516', '98976361']
Scores: tensor([-0.1818, -0.2218, -0.2315, -0.4410, -0.4959, -0.5120, -0.6178, -0.6744,
        -0.6811, -0.6893, -0.7140, -0.7302, -0.7730, -0.8107, -0.8465, -0.8565,
        -0.8608, -0.8903], device='cuda:0')
----
IDs: 000555
Labels: 984082649
Beams: ['989767777', '98994145', '989682486', '986123940', '986104722', '986181545', '981408477', '986098287', '983738345', '989751077', '98926998', '985117104', '983671965', '984082649', '98976361', '989701257', '986605201', '98202027']
Scores: tensor([-0.1507, -0.2298, -0.2561, -0.4725, -0.5142, -0.5171, -0.6072, -0.6707,
        -0.6768, -0.6773, -0.7327, -0.7746, -0.7812, -0.7852, -0.8741, -0.8821,
        -0.8842, -0.9197], device='cuda:0')
----
IDs: 000565
Labels: 90086466
Beams: ['62616394', '989767777', '57798971', '1097979963', '88842758', '1097799584', '5798261', '90004828', '1090731622', '57784484', '9397414', '62446375', '62354367', '98994145', '88623353', '84849809', '62164030', '6214289']
Scores: tensor([-0.2728, -0.4519, -0.4861, -0.5172, -0.5220, -0.5661, -0.5767, -0.5903,
        -0.6185, -0.6236, -0.6623, -0.6984, -0.7098, -0.7134, -0.7247, -0.7361,
        -0.8677, -0.8959], device='cuda:0')
----
IDs: 000575
Labels: 87187176
Beams: ['989767777', '997915725', '990997577', '989682486', '98994145', '990731871', '990710132', '9397414', '986123940', '986104722', '1007126006', '986181545', '992984793', '1007109665', '93676383', '1009431111', '992761319', '983738345']
Scores: tensor([-0.2371, -0.3345, -0.3485, -0.3723, -0.3767, -0.4772, -0.5348, -0.5524,
        -0.5946, -0.6289, -0.6371, -0.6461, -0.6629, -0.6719, -0.6837, -0.7778,
        -0.7795, -0.7986], device='cuda:0')
----
IDs: 000585
Labels: 84773501
Beams: ['1320206874', '989767777', '84773501', '1322679973', '84849809', '1329448493', '1328977466', '1329497185', '8497729', '1328720977', '1317987931', '1329464373', '1320248842', '1325177640', '1329585760', '1320234236', '1329433749', '1329432085']
Scores: tensor([-0.4472, -0.4763, -0.4816, -0.5109, -0.5125, -0.5180, -0.5231, -0.5241,
        -0.5407, -0.5410, -0.5553, -0.5584, -0.5875, -0.6084, -0.6281, -0.6492,
        -0.7088, -0.7824], device='cuda:0')
----
IDs: 000595
Labels: 81884818
Beams: ['1329448493', '1329497185', '1329464373', '1320206874', '1329585760', '1329503606', '1329550385', '1328977466', '1329433749', '1329450840', '1320248842', '1329432085', '1329539061', '1329577890', '1329423839', '1320234236', '1329521611', '1329563222']
Scores: tensor([-0.3759, -0.3791, -0.4130, -0.4151, -0.4526, -0.4822, -0.5091, -0.5109,
        -0.5347, -0.5641, -0.5729, -0.5847, -0.5870, -0.5900, -0.5963, -0.6536,
        -0.6709, -0.6907], device='cuda:0')
----
IDs: 000605
Labels: 68693750
Beams: ['990997577', '97941159', '997915725', '990731871', '97957622', '990710132', '989767777', '992761319', '992984793', '994399420', '989682486', '994071403', '98994145', '67627310', '994377556', '991425712', '66173754', '99174131']
Scores: tensor([-0.2747, -0.3358, -0.3448, -0.4191, -0.4272, -0.4621, -0.4636, -0.5528,
        -0.5795, -0.5886, -0.6088, -0.6161, -0.7024, -0.7057, -0.7087, -0.7324,
        -0.8941, -0.9282], device='cuda:0')
----
IDs: 000615
Labels: 67399572
Beams: ['67627310', '67884315', '66464395', '66223079', '1069740313', '66173754', '990997577', '66157191', '67380601', '67604094', '1069941516', '1069683927', '66239491', '67660406', '1069673465', '1069678647', '66552766', '1086376672']
Scores: tensor([-0.2121, -0.3642, -0.4911, -0.5071, -0.5714, -0.5795, -0.5973, -0.6333,
        -0.6371, -0.6494, -0.6510, -0.6607, -0.7296, -0.7478, -0.7584, -0.7942,
        -0.8138, -0.8252], device='cuda:0')
----
IDs: 000625
Labels: 63559125
Beams: ['97941159', '97957622', '989767777', '990997577', '997915725', '989682486', '71691509', '990731871', '63782475', '98994145', '974809147', '990710132', '986123940', '62616394', '974744455', '974738138', '9722074', '9738265']
Scores: tensor([-0.2097, -0.2841, -0.3985, -0.5253, -0.5444, -0.5709, -0.6233, -0.6260,
        -0.6560, -0.6606, -0.6608, -0.7039, -0.7205, -0.7272, -0.7577, -0.7634,
        -0.7653, -0.8484], device='cuda:0')
----
IDs: 000635
Labels: 62446375
Beams: ['97941159', '97957622', '62616394', '980060449', '980064678', '974476375', '975806303', '9722074', '980086382', '975871928', '9397414', '980059329', '980086272', '62446375', '62354367', '9738265', '62164030', '6214289']
Scores: tensor([-0.2579, -0.3361, -0.3538, -0.5081, -0.5129, -0.6257, -0.6711, -0.6750,
        -0.6829, -0.6871, -0.7043, -0.7070, -0.7085, -0.7254, -0.7388, -0.8174,
        -0.8615, -0.9344], device='cuda:0')
----
IDs: 000645
Labels: 61294212
Beams: ['62616394', '6173428', '980064678', '980060449', '62446375', '84773501', '97941159', '62354367', '980086382', '980059329', '84849809', '8497729', '980086272', '62331674', '97957622', '62164030', '6214289', '3288371']
Scores: tensor([-0.2689, -0.4189, -0.5430, -0.5555, -0.6390, -0.6540, -0.6754, -0.6777,
        -0.7021, -0.7400, -0.7406, -0.7477, -0.7495, -0.7651, -0.7750, -0.8080,
        -0.8519, -0.9227], device='cuda:0')
----
IDs: 000655
Labels: 6214289
Beams: ['62616394', '97941159', '989767777', '97957622', '980060449', '980064678', '84773501', '71691509', '6173428', '8497729', '980086382', '980059329', '84849809', '5891089', '9397414', '5798261', '980086272', '836727']
Scores: tensor([-0.3727, -0.4093, -0.4722, -0.4783, -0.5044, -0.5146, -0.6076, -0.6167,
        -0.6240, -0.6303, -0.6852, -0.6984, -0.7084, -0.7162, -0.7207, -0.7243,
        -0.7343, -0.8870], device='cuda:0')
----
IDs: 000665
Labels: 3224206
Beams: ['62616394', '75792392', '75830874', '57798971', '14287377', '79681396', '75699634', '1429916', '97941159', '62446375', '5798261', '84773501', '980060449', '62354367', '97957622', '836727', '6173428', '6214289']
Scores: tensor([-0.2877, -0.3884, -0.4807, -0.5297, -0.6019, -0.6132, -0.6141, -0.6328,
        -0.6332, -0.6403, -0.6719, -0.6767, -0.6983, -0.7027, -0.7153, -0.7616,
        -0.8138, -0.8773], device='cuda:0')
----
IDs: 000675
Labels: 3567105
Beams: ['62616394', '1429916', '14287377', '57798971', '836727', '75792392', '5798261', '1317987931', '75830874', '62446375', '79681396', '1318448383', '62354367', '62331674', '97941159', '83373142', '834488', '6214289']
Scores: tensor([-0.3583, -0.3940, -0.4109, -0.5083, -0.5502, -0.5794, -0.5942, -0.6385,
        -0.6479, -0.6694, -0.6711, -0.7363, -0.7624, -0.7726, -0.7798, -0.9131,
        -0.9335, -0.9413], device='cuda:0')
----
IDs: 000685
Labels: 836727
Beams: ['1010978825', '1429916', '1010694300', '14287377', '62616394', '97941159', '97957622', '836727', '15107446', '15083963', '1010973716', '1059738650', '5798261', '1013702557', '1059760505', '1367135', '1059743347', '8518909']
Scores: tensor([-0.2899, -0.4059, -0.4728, -0.4892, -0.5075, -0.5686, -0.6180, -0.6669,
        -0.7446, -0.7467, -0.7641, -0.7961, -0.7998, -0.8324, -0.8523, -0.8811,
        -0.9215, -0.9761], device='cuda:0')
----
IDs: 000695
Labels: 1060953
Beams: ['1069740313', '1069941516', '1010978825', '1069957624', '1069683927', '1059738650', '1429916', '1069673465', '1059693932', '1059743347', '1059760505', '1069678647', '15107446', '5798261', '1367135', '15083963', '14287377', '836727']
Scores: tensor([-0.3605, -0.4194, -0.4302, -0.4598, -0.5073, -0.5373, -0.5487, -0.5597,
        -0.5835, -0.6112, -0.6143, -0.6219, -0.6652, -0.6701, -0.6822, -0.7103,
        -0.7308, -0.7961], device='cuda:0')
----
IDs: 000705
Labels: 1315236
Beams: ['1010978825', '1429916', '1069740313', '1010694300', '1009405094', '1317961788', '1069941516', '1317987931', '1069957624', '1007126006', '1006795514', '1009431111', '1367135', '15107446', '1069673465', '14287377', '1009355726', '1029763']
Scores: tensor([-0.3367, -0.4714, -0.4979, -0.5203, -0.5408, -0.5461, -0.5687, -0.5695,
        -0.5975, -0.6173, -0.6224, -0.6550, -0.6690, -0.6742, -0.6854, -0.6936,
        -0.7001, -0.7136], device='cuda:0')
----
IDs: 000715
Labels: 15308452
Beams: ['1429916', '1010978825', '1069740313', '14287377', '1069941516', '1069957624', '1010694300', '1069683927', '15083963', '1069673465', '1068448283', '15107446', '1059738650', '1367135', '15297843', '1069678647', '1010973716', '1060953']
Scores: tensor([-0.2911, -0.3985, -0.4112, -0.4373, -0.5308, -0.5662, -0.5991, -0.6189,
        -0.6196, -0.6535, -0.6569, -0.6580, -0.7045, -0.7336, -0.7463, -0.7489,
        -0.8545, -0.8839], device='cuda:0')
----
IDs: 000725
Labels: 15008883
Beams: ['1429916', '14287377', '75792392', '75830874', '989767777', '1010978825', '75699634', '15083963', '57798971', '79681396', '1010694300', '14292949', '62616394', '68773931', '5798261', '14222237', '14227372', '1010973716']
Scores: tensor([-0.2013, -0.2926, -0.3494, -0.5448, -0.5490, -0.5678, -0.6018, -0.6090,
        -0.6475, -0.7364, -0.7651, -0.7887, -0.7956, -0.8607, -0.8949, -1.0520,
        -1.0594, -1.0675], device='cuda:0')
----
IDs: 000735
Labels: 14019155
Beams: ['1429916', '14287377', '989767777', '75792392', '62616394', '57798971', '75830874', '71691509', '79681396', '989682486', '75699634', '97941159', '5798261', '98994145', '15083963', '97957622', '84773501', '68773931']
Scores: tensor([-0.3427, -0.3720, -0.4047, -0.4298, -0.5052, -0.5143, -0.5737, -0.5847,
        -0.6108, -0.6152, -0.6169, -0.6637, -0.6838, -0.6887, -0.7024, -0.7253,
        -0.7258, -0.7518], device='cuda:0')
----
IDs: 000745
Labels: 9413877
Beams: ['989767777', '98994145', '989682486', '97941159', '97957622', '9397414', '57798971', '986123940', '75792392', '986104722', '986181545', '5798261', '62616394', '75830874', '981408477', '1429916', '14287377', '836727']
Scores: tensor([-0.2194, -0.3338, -0.3443, -0.4352, -0.5023, -0.5807, -0.5831, -0.5860,
        -0.6136, -0.6143, -0.6268, -0.6507, -0.6576, -0.6938, -0.7064, -0.7674,
        -0.7952, -0.9662], device='cuda:0')
----
IDs: 000755
Labels: 57293010
Beams: ['989767777', '997915725', '98994145', '989682486', '990997577', '990731871', '990710132', '57798971', '986123940', '986104722', '992984793', '986181545', '97941159', '992761319', '5798261', '97957622', '9397414', '994377556']
Scores: tensor([-0.2061, -0.2724, -0.3494, -0.3526, -0.3709, -0.5006, -0.5317, -0.5791,
        -0.5851, -0.6120, -0.6227, -0.6563, -0.6986, -0.7180, -0.7397, -0.7725,
        -0.7753, -0.8343], device='cuda:0')
----
IDs: 000765
Labels: 58612933
Beams: ['5798261', '57798971', '57699520', '57784484', '75830874', '75792392', '75699634', '79681396', '1329448493', '1329497185', '8497729', '1329464373', '84773501', '84849809', '1329585760', '57299587', '836727', '1329433749']
Scores: tensor([-0.1894, -0.2922, -0.3033, -0.4795, -0.5996, -0.6229, -0.6276, -0.6481,
        -0.6631, -0.6636, -0.6803, -0.6805, -0.7907, -0.7914, -0.7952, -0.7996,
        -0.8373, -0.8611], device='cuda:0')
----
IDs: 000775
Labels: 52086062
Beams: ['97941159', '97957622', '989767777', '997915725', '990997577', '990731871', '989682486', '990710132', '98994145', '974809147', '974476375', '974493207', '992761319', '986123940', '975871928', '974744455', '974738138', '9738265']
Scores: tensor([-0.2092, -0.2612, -0.3833, -0.3939, -0.4155, -0.5302, -0.5616, -0.5817,
        -0.6240, -0.6673, -0.6927, -0.7340, -0.7390, -0.7606, -0.7828, -0.7993,
        -0.8052, -0.8759], device='cuda:0')
----
IDs: 000785
Labels: 71504532
Beams: ['97941159', '97957622', '989767777', '75792392', '71691509', '75830874', '989682486', '974809147', '975868301', '75699634', '974493207', '975594377', '98994145', '975609404', '975871928', '974744455', '836727', '9738265']
Scores: tensor([-0.1627, -0.2155, -0.4961, -0.6112, -0.6179, -0.6700, -0.6746, -0.6762,
        -0.6900, -0.6997, -0.7204, -0.7308, -0.7445, -0.7547, -0.7940, -0.8095,
        -0.8673, -0.8849], device='cuda:0')
----
IDs: 000795
Labels: 75441991
Beams: ['989767777', '75792392', '75830874', '989682486', '98994145', '75699634', '990997577', '997915725', '97941159', '97957622', '84773501', '8497729', '9397414', '986123940', '990710132', '986104722', '84849809', '986181545']
Scores: tensor([-0.2820, -0.3070, -0.3469, -0.4461, -0.4556, -0.5076, -0.5222, -0.5551,
        -0.5831, -0.6458, -0.6609, -0.6995, -0.7017, -0.7141, -0.7178, -0.7193,
        -0.7235, -0.7363], device='cuda:0')
----
IDs: 000805
Labels: 79375497
Beams: ['1097979963', '1097799584', '1090731622', '79681396', '1090887976', '1097984044', '1097963491', '1097635866', '97941159', '1097879213', '1097889464', '1097634148', '1097892172', '1097963105', '62616394', '97957622', '1092202885', '1097895515']
Scores: tensor([-0.2696, -0.2935, -0.3939, -0.4200, -0.4375, -0.4419, -0.4559, -0.5087,
        -0.5156, -0.5226, -0.5375, -0.5438, -0.5726, -0.5844, -0.5919, -0.6324,
        -0.6655, -0.6804], device='cuda:0')
----
IDs: 000815
Labels: 98976361
Beams: ['989767777', '97941159', '97957622', '75792392', '997915725', '989682486', '98994145', '990997577', '79681396', '75830874', '71691509', '990710132', '986123940', '62616394', '9397414', '986104722', '986181545', '84773501']
Scores: tensor([-0.2876, -0.3114, -0.3824, -0.4608, -0.4615, -0.4833, -0.5010, -0.5259,
        -0.5521, -0.5741, -0.6422, -0.6942, -0.7271, -0.7348, -0.7450, -0.7557,
        -0.7696, -0.7921], device='cuda:0')
----
IDs: 000825
Labels: 92283554
Beams: ['989767777', '98994145', '9397414', '989682486', '990997577', '997915725', '93676383', '93682502', '990731871', '986123940', '990710132', '986104722', '986181545', '97941159', '5798261', '983738345', '97957622', '8497729']
Scores: tensor([-0.2538, -0.3648, -0.3649, -0.3745, -0.4352, -0.4963, -0.5655, -0.5802,
        -0.5912, -0.6660, -0.6739, -0.6754, -0.6790, -0.7096, -0.7210, -0.7742,
        -0.7929, -0.7977], device='cuda:0')
----
IDs: 000835
Labels: 93576347
Beams: ['9397414', '93676383', '93682502', '93327987', '93272974', '93659292', '989767777', '9322947', '93640825', '93599717', '93353756', '93560439', '93560309', '93576347', '93246413', '93637359', '93598970', '93313210']
Scores: tensor([-0.0809, -0.3060, -0.3702, -0.6052, -0.6251, -0.6437, -0.7165, -0.7201,
        -0.7290, -0.7649, -0.7934, -0.8128, -0.8219, -0.8646, -0.8753, -0.8910,
        -0.8995, -1.0004], device='cuda:0')
----
IDs: 000845
Labels: 980392613
Beams: ['980060449', '980064678', '980086382', '980059329', '980086272', '980477164', '980406297', '980165087', '980491941', '980168667', '980433494', '980487174', '980388559', '980515220', '980142345', '980392613', '980141501', '980432317']
Scores: tensor([-0.2147, -0.2352, -0.3636, -0.3877, -0.4074, -0.5493, -0.5884, -0.7264,
        -0.7536, -0.7627, -0.7966, -0.7977, -0.8210, -0.8236, -0.8742, -0.8780,
        -0.9379, -0.9593], device='cuda:0')
----
IDs: 000855
Labels: 975871928
Beams: ['980060449', '980064678', '989767777', '980059329', '980086382', '980086272', '97941159', '97957622', '9397414', '980477164', '93676383', '989682486', '980406297', '98994145', '980433494', '980491941', '980388559', '980515220']
Scores: tensor([-0.2659, -0.2994, -0.4173, -0.4567, -0.4585, -0.4787, -0.4960, -0.5558,
        -0.5647, -0.5899, -0.6107, -0.6382, -0.6661, -0.7193, -0.7397, -0.8099,
        -0.8627, -0.8677], device='cuda:0')
----
IDs: 000865
Labels: 974754344
Beams: ['97941159', '97957622', '974809147', '974493207', '974476375', '975594377', '9722074', '975868301', '974558417', '975806303', '974744455', '974541992', '975609404', '974738138', '975871928', '975789221', '9738265', '974760024']
Scores: tensor([-0.1385, -0.1927, -0.5830, -0.6127, -0.6433, -0.6457, -0.6487, -0.6488,
        -0.6607, -0.6823, -0.6830, -0.6948, -0.7025, -0.7106, -0.7522, -0.7638,
        -0.7784, -0.8162], device='cuda:0')
----
IDs: 000875
Labels: 994317826
Beams: ['997915725', '990997577', '990731871', '990710132', '992761319', '994399420', '994377556', '992984793', '994071403', '994373550', '992674316', '993063226', '994072290', '991425712', '993006537', '99190426', '991075751', '99174131']
Scores: tensor([-0.1479, -0.2554, -0.3765, -0.3877, -0.4441, -0.4458, -0.5011, -0.5483,
        -0.5596, -0.5666, -0.6986, -0.7280, -0.7321, -0.7388, -0.7662, -0.7946,
        -0.8333, -0.9314], device='cuda:0')
----
IDs: 000885
Labels: 992659365
Beams: ['1007126006', '1009431111', '1009405094', '1007109665', '990997577', '997915725', '1008377007', '1006817074', '1006795514', '1009148304', '1008297681', '1009355726', '1009164506', '1009102672', '1008118249', '1008299189', '1009414457', '992761319']
Scores: tensor([-0.3646, -0.3896, -0.3953, -0.4122, -0.4194, -0.4201, -0.4216, -0.4581,
        -0.4598, -0.4600, -0.4876, -0.4976, -0.5077, -0.5669, -0.5673, -0.5887,
        -0.6554, -0.6717], device='cuda:0')
----
IDs: 000895
Labels: 1003485362
Beams: ['1008377007', '1009405094', '1009431111', '1007126006', '1008297681', '1007109665', '1009148304', '1009355726', '1008118249', '1009164506', '1003408674', '1008299189', '1009339079', '1008098460', '1006795514', '1009102672', '1003807067', '1003747051']
Scores: tensor([-0.3179, -0.3701, -0.3956, -0.4094, -0.4365, -0.4432, -0.4599, -0.4651,
        -0.4709, -0.4869, -0.4875, -0.5260, -0.5517, -0.5528, -0.5550, -0.5562,
        -0.5585, -0.5659], device='cuda:0')
----
IDs: 000905
Labels: 1008034387
Beams: ['1008377007', '1008297681', '1008118249', '1008299189', '1009405094', '1006817074', '1009431111', '1009148304', '1009355726', '1009164506', '1008362380', '1008098460', '1007126006', '1003408674', '1007109665', '1008102218', '1003807067', '1003747051']
Scores: tensor([-0.2261, -0.3478, -0.3534, -0.3716, -0.4311, -0.4627, -0.4750, -0.5129,
        -0.5196, -0.5204, -0.5225, -0.5435, -0.5569, -0.5698, -0.5911, -0.5973,
        -0.6012, -0.6918], device='cuda:0')
----
IDs: 000915
Labels: 1009094758
Beams: ['1008377007', '1008299189', '1008297681', '1008118249', '1009405094', '1006817074', '1009148304', '1009431111', '1009164506', '1009355726', '1008362380', '1020962335', '1009102672', '1009339079', '1008102218', '1008313776', '1009414457', '1029763']
Scores: tensor([-0.2421, -0.3577, -0.3720, -0.3723, -0.4024, -0.4336, -0.4782, -0.4789,
        -0.5001, -0.5005, -0.5457, -0.5559, -0.5753, -0.5841, -0.5859, -0.6272,
        -0.7064, -0.7256], device='cuda:0')
----
IDs: 000925
Labels: 1014969095
Beams: ['1010978825', '1010694300', '1013961461', '1013702557', '1015084691', '1014969095', '1013983589', '1011761123', '1010409176', '1013988588', '1010973716', '1012268580', '1012091984', '1015111756', '1013647979', '1010758638', '1012180207', '1011926593']
Scores: tensor([-0.1133, -0.2272, -0.5048, -0.5200, -0.5558, -0.5566, -0.5751, -0.6252,
        -0.6558, -0.6673, -0.6697, -0.6706, -0.6879, -0.6979, -0.7055, -0.7735,
        -0.8142, -0.8270], device='cuda:0')
----
IDs: 000935
Labels: 1013741369
Beams: ['1010978825', '1010694300', '1016078084', '1016061878', '1013961461', '1013983589', '1016390709', '1014969095', '1013702557', '1015084691', '1013988588', '1011761123', '1013647979', '1012268580', '1012091984', '1015111756', '1016308672', '1012074417']
Scores: tensor([-0.1693, -0.2929, -0.3389, -0.3794, -0.4411, -0.5291, -0.5337, -0.5558,
        -0.5736, -0.5946, -0.6058, -0.6187, -0.6813, -0.6916, -0.6957, -0.7095,
        -0.7600, -0.7764], device='cuda:0')
----
IDs: 000945
Labels: 1066662506
Beams: ['1069740313', '1068448283', '1069683927', '1069941516', '1066744145', '1069957624', '1068433638', '1068287479', '1069673465', '1069678647', '1068302142', '1066726329', '1064373896', '1060953', '1066775', '1068106236', '1064391862', '1068450264']
Scores: tensor([-0.2578, -0.3770, -0.3823, -0.3828, -0.4261, -0.4420, -0.4580, -0.4582,
        -0.4965, -0.5193, -0.5295, -0.5501, -0.5612, -0.5737, -0.6083, -0.6108,
        -0.6188, -0.6292], device='cuda:0')
----
IDs: 000955
Labels: 1065347817
Beams: ['1069740313', '1069941516', '1069683927', '1059689688', '1069957624', '1059743347', '1068448283', '1066744145', '1059738650', '1069678647', '1069673465', '1068287479', '1059693932', '1057695', '1059760505', '1068433638', '1059673296', '1068302142']
Scores: tensor([-0.2596, -0.3510, -0.3949, -0.4384, -0.4433, -0.4481, -0.4749, -0.4910,
        -0.5032, -0.5059, -0.5177, -0.5234, -0.5302, -0.5479, -0.5487, -0.5586,
        -0.5657, -0.6111], device='cuda:0')
----
IDs: 000965
Labels: 1072060607
Beams: ['1077930939', '1076977493', '1077877106', '1076872976', '1076889980', '1076874285', '1070513', '1076972959', '1076569319', '1075198446', '1074639871', '1072077615', '1072277866', '1073892592', '1073874923', '1073981527', '1071994326', '1074980915']
Scores: tensor([-0.1633, -0.1725, -0.2808, -0.3581, -0.3877, -0.5752, -0.6056, -0.6417,
        -0.6436, -0.6711, -0.7247, -0.7352, -0.7692, -0.8123, -0.8904, -0.8916,
        -0.9010, -0.9034], device='cuda:0')
----
IDs: 000975
Labels: 1076966820
Beams: ['1076977493', '1077930939', '1077877106', '1076872976', '1076889980', '1076874285', '1076972959', '1076569319', '1075198446', '1074639871', '1070513', '1072077615', '1071278721', '1073892592', '1073981527', '1074980915', '1071994326', '1073874923']
Scores: tensor([-0.1169, -0.1915, -0.3397, -0.3411, -0.3787, -0.5322, -0.5883, -0.6858,
        -0.7269, -0.7367, -0.7395, -0.7717, -0.8190, -0.8530, -0.9176, -0.9498,
        -0.9569, -0.9712], device='cuda:0')
----
IDs: 000985
Labels: 1087725692
Beams: ['1087714603', '1087698356', '1087725692', '1076977493', '1077930939', '1077877106', '1076872976', '1088973277', '1076889980', '1087295979', '1089277568', '1089497680', '1089584679', '1087692656', '1089405953', '1070513', '1087377559', '1087282057']
Scores: tensor([-0.1816, -0.2005, -0.3070, -0.3226, -0.3950, -0.5084, -0.5247, -0.5690,
        -0.5873, -0.6254, -0.6506, -0.6629, -0.6829, -0.7273, -0.7276, -0.7305,
        -0.7663, -0.7970], device='cuda:0')
----
IDs: 000995
Labels: 1087276206
Beams: ['1087714603', '1087698356', '1086375697', '1086376672', '1087725692', '1086401978', '1086420697', '1086398324', '1088973277', '1086333768', '1088989940', '1087295979', '1086416733', '1089277568', '1086333662', '1087377559', '1089405953', '1087404539']
Scores: tensor([-0.2266, -0.2750, -0.3461, -0.3531, -0.3663, -0.4628, -0.4657, -0.4874,
        -0.5134, -0.5453, -0.5907, -0.6529, -0.7037, -0.7248, -0.7352, -0.7644,
        -0.7853, -0.8483], device='cuda:0')
----
IDs: 001005
Labels: 1092192281
Beams: ['1090731622', '1097979963', '1090887976', '1097799584', '1097984044', '1097963491', '1092202885', '1097635866', '1097889464', '1097963105', '1097879213', '1091979458', '1097634148', '1097892172', '1098781935', '1091991442', '1091995847', '1096147512']
Scores: tensor([-0.2829, -0.2931, -0.3090, -0.3208, -0.4155, -0.4239, -0.4492, -0.4571,
        -0.4966, -0.5184, -0.5193, -0.5194, -0.5250, -0.5341, -0.6129, -0.6493,
        -0.6527, -0.7189], device='cuda:0')
----
IDs: 001015
Labels: 1093254074
Beams: ['1098889954', '1098787000', '1098781935', '1098873277', '1097979963', '1097799584', '1097889464', '1090887976', '1097984044', '1098782448', '1097879213', '1093287995', '1097892172', '1090731622', '1098874647', '1097635866', '1093289262', '1092202885']
Scores: tensor([-0.2364, -0.3523, -0.3629, -0.3631, -0.3742, -0.3769, -0.3837, -0.3986,
        -0.4160, -0.4213, -0.5014, -0.5039, -0.5212, -0.5241, -0.5338, -0.5460,
        -0.5704, -0.6129], device='cuda:0')
----
IDs: 001025
Labels: 1097963105
Beams: ['1097799584', '1097979963', '1097984044', '1097889464', '1097635866', '1097879213', '1097963491', '1097634148', '1097892172', '1097877199', '1097963105', '1097895515', '1098787000', '1097631728', '1098781935', '1098889954', '1090731622', '1098782448']
Scores: tensor([-0.1778, -0.2073, -0.3340, -0.3785, -0.3881, -0.3911, -0.3911, -0.4480,
        -0.4527, -0.4893, -0.5067, -0.5474, -0.5668, -0.5765, -0.5899, -0.6282,
        -0.6318, -0.6573], device='cuda:0')
----
IDs: 001035
Labels: 1097820429
Beams: ['1097799584', '1097979963', '1097635866', '1097879213', '1097984044', '1097963491', '1097634148', '1097889464', '1097877199', '1097892172', '1097963105', '1097631728', '1097895515', '1097477447', '1097497939', '1090731622', '1097979866', '1097803767']
Scores: tensor([-0.1221, -0.1994, -0.3728, -0.3945, -0.3955, -0.4129, -0.4249, -0.4282,
        -0.4342, -0.4997, -0.5315, -0.5567, -0.5926, -0.7410, -0.7622, -0.7866,
        -0.8054, -0.8158], device='cuda:0')
----
IDs: 001045
Labels: 1097492720
Beams: ['1318448383', '1318267759', '1318119136', '1318357333', '1317987931', '1318426973', '1318340334', '1318369505', '1319876891', '1317961788', '1318339230', '1318288570', '1318285019', '1319788842', '1318283342', '1319932719', '1319773125', '1319950498']
Scores: tensor([-0.2532, -0.3093, -0.3354, -0.3383, -0.3418, -0.3441, -0.3858, -0.4569,
        -0.4619, -0.4673, -0.4790, -0.4806, -0.5046, -0.5368, -0.5805, -0.6881,
        -0.7323, -0.7788], device='cuda:0')
----
IDs: 001055
Labels: 1318098833
Beams: ['1318448383', '1318267759', '1317987931', '1318119136', '1318357333', '1318426973', '1318340334', '1319876891', '1317961788', '1318369505', '1318285019', '1318288570', '1319788842', '1318339230', '1318283342', '1319932719', '1329448493', '1319773125']
Scores: tensor([-0.2942, -0.3263, -0.3472, -0.3871, -0.3950, -0.4054, -0.4159, -0.4538,
        -0.4791, -0.4807, -0.4931, -0.4977, -0.5021, -0.5238, -0.6034, -0.6161,
        -0.6454, -0.6763], device='cuda:0')
----
IDs: 001065
Labels: 1317087685
Beams: ['1317987931', '1317961788', '1318448383', '1318267759', '1319876891', '1319788842', '1319932719', '1318357333', '1318426973', '1318119136', '1318340334', '1319773125', '1319950498', '1318369505', '1318288570', '1318285019', '1318339230', '1318283342']
Scores: tensor([-0.2586, -0.3137, -0.3436, -0.3445, -0.3620, -0.3757, -0.4144, -0.4187,
        -0.4194, -0.4299, -0.4669, -0.4828, -0.5123, -0.5255, -0.5602, -0.5613,
        -0.5712, -0.6625], device='cuda:0')
----
IDs: 001075
Labels: 1322862910
Beams: ['1329448493', '1329497185', '1322679973', '1329464373', '1329503606', '1328977466', '1329585760', '1328720977', '1323978386', '1329550385', '1329433749', '1322693873', '1329450840', '1323977204', '1329423839', '1323993039', '1329432085', '1329563222']
Scores: tensor([-0.3776, -0.3858, -0.4128, -0.4207, -0.4380, -0.4495, -0.4704, -0.5101,
        -0.5307, -0.5414, -0.5519, -0.5660, -0.5672, -0.5707, -0.5759, -0.5801,
        -0.6326, -0.6714], device='cuda:0')
----
IDs: 001085
Labels: 1323731274
Beams: ['1328977466', '1323988966', '1323978386', '1328720977', '1323993039', '1329497185', '1329448493', '1329503606', '1329464373', '1328719665', '1323977204', '1329585760', '1323993319', '1325177640', '1329550385', '1323737022', '1329433749', '1329423839']
Scores: tensor([-0.3247, -0.3631, -0.3961, -0.4165, -0.4246, -0.4580, -0.4635, -0.5123,
        -0.5124, -0.5317, -0.5507, -0.5513, -0.5535, -0.5797, -0.5947, -0.6466,
        -0.6570, -0.7011], device='cuda:0')
----
IDs: 001095
Labels: 1329543264
Beams: ['1329497185', '1329448493', '1329464373', '1329503606', '1329585760', '1328977466', '1329433749', '1329550385', '1329450840', '1329432085', '1329423839', '1329539061', '1329577890', '1328720977', '1329563222', '1329425687', '1323993039', '1329521611']
Scores: tensor([-0.3147, -0.3296, -0.3600, -0.3948, -0.4091, -0.4400, -0.4546, -0.4746,
        -0.4854, -0.5149, -0.5354, -0.5493, -0.5595, -0.5683, -0.5933, -0.6271,
        -0.6288, -0.6750], device='cuda:0')
----
